2021-08-04 16:04:57,509 - [basepage.py -->line:37] - INFO : 等待 登录页面_右上方登录按钮 元素 ('xpath', "//a[text()='登录']") 可见成功, 耗时: 0:00:00.017946
2021-08-04 16:04:57,512 - [basepage.py -->line:74] - INFO : 查找 登录页面_右上方登录按钮 元素 ('xpath', "//a[text()='登录']") 成功！
2021-08-04 16:04:58,584 - [basepage.py -->line:109] - INFO : 点击 登录页面_右上方登录按钮 元素 ('xpath', "//a[text()='登录']") 成功！
2021-08-04 16:04:58,602 - [basepage.py -->line:37] - INFO : 等待 登录页面_用户名密码输入框 元素 ('xpath', "//input[@id='loginName']") 可见成功, 耗时: 0:00:00.017953
2021-08-04 16:04:58,606 - [basepage.py -->line:74] - INFO : 查找 登录页面_用户名密码输入框 元素 ('xpath', "//input[@id='loginName']") 成功！
2021-08-04 16:04:59,660 - [basepage.py -->line:153] - INFO : 在 登录页面_用户名密码输入框 元素 ('xpath', "//input[@id='loginName']") 上输入文本值：admin 成功！
2021-08-04 16:04:59,675 - [basepage.py -->line:37] - INFO : 等待 登录页面_登录按钮 元素 ('xpath', "//input[@type='button']") 可见成功, 耗时: 0:00:00.013962
2021-08-04 16:04:59,679 - [basepage.py -->line:74] - INFO : 查找 登录页面_登录按钮 元素 ('xpath', "//input[@type='button']") 成功！
2021-08-04 16:05:00,718 - [basepage.py -->line:109] - INFO : 点击 登录页面_登录按钮 元素 ('xpath', "//input[@type='button']") 成功！
2021-08-04 16:05:01,730 - [basepage.py -->line:52] - INFO : 等待 首页-用户名 元素 ('xpath', "//a[@href='/ebuy/admin/user?action=index']") 存在成功, 耗时: 0:00:00.008943
2021-08-04 16:05:01,733 - [basepage.py -->line:74] - INFO : 查找 首页-用户名 元素 ('xpath', "//a[@href='/ebuy/admin/user?action=index']") 成功！
2021-08-04 16:05:02,752 - [basepage.py -->line:287] - INFO : 获取 首页-用户名 元素 ('xpath', "//a[@href='/ebuy/admin/user?action=index']") 的文本值为:系统管理员
2021-08-04 16:05:02,765 - [basepage.py -->line:37] - INFO : 等待 首页-退出登录按钮 元素 ('xpath', "//a[text()='注销']") 可见成功, 耗时: 0:00:00.012965
2021-08-04 16:05:02,769 - [basepage.py -->line:74] - INFO : 查找 首页-退出登录按钮 元素 ('xpath', "//a[text()='注销']") 成功！
2021-08-04 16:05:03,853 - [basepage.py -->line:109] - INFO : 点击 首页-退出登录按钮 元素 ('xpath', "//a[text()='注销']") 成功！
2021-08-04 16:05:05,883 - [basepage.py -->line:37] - INFO : 等待 登录页面_右上方登录按钮 元素 ('xpath', "//a[text()='登录']") 可见成功, 耗时: 0:00:00.017765
2021-08-04 16:05:05,887 - [basepage.py -->line:74] - INFO : 查找 登录页面_右上方登录按钮 元素 ('xpath', "//a[text()='登录']") 成功！
2021-08-04 16:05:06,957 - [basepage.py -->line:109] - INFO : 点击 登录页面_右上方登录按钮 元素 ('xpath', "//a[text()='登录']") 成功！
2021-08-04 16:05:06,976 - [basepage.py -->line:37] - INFO : 等待 登录页面_用户名密码输入框 元素 ('xpath', "//input[@id='loginName']") 可见成功, 耗时: 0:00:00.018949
2021-08-04 16:05:06,980 - [basepage.py -->line:74] - INFO : 查找 登录页面_用户名密码输入框 元素 ('xpath', "//input[@id='loginName']") 成功！
2021-08-04 16:05:08,031 - [basepage.py -->line:153] - INFO : 在 登录页面_用户名密码输入框 元素 ('xpath', "//input[@id='loginName']") 上输入文本值：cgn 成功！
2021-08-04 16:05:08,043 - [basepage.py -->line:37] - INFO : 等待 登录页面_登录按钮 元素 ('xpath', "//input[@type='button']") 可见成功, 耗时: 0:00:00.011968
2021-08-04 16:05:08,046 - [basepage.py -->line:74] - INFO : 查找 登录页面_登录按钮 元素 ('xpath', "//input[@type='button']") 成功！
2021-08-04 16:05:09,074 - [basepage.py -->line:109] - INFO : 点击 登录页面_登录按钮 元素 ('xpath', "//input[@type='button']") 成功！
2021-08-04 16:05:10,089 - [basepage.py -->line:52] - INFO : 等待 首页-用户名 元素 ('xpath', "//a[@href='/ebuy/admin/user?action=index']") 存在成功, 耗时: 0:00:00.008948
2021-08-04 16:05:10,094 - [basepage.py -->line:74] - INFO : 查找 首页-用户名 元素 ('xpath', "//a[@href='/ebuy/admin/user?action=index']") 成功！
2021-08-04 16:05:11,112 - [basepage.py -->line:287] - INFO : 获取 首页-用户名 元素 ('xpath', "//a[@href='/ebuy/admin/user?action=index']") 的文本值为:程广宁
2021-08-04 16:05:11,127 - [basepage.py -->line:37] - INFO : 等待 首页-退出登录按钮 元素 ('xpath', "//a[text()='注销']") 可见成功, 耗时: 0:00:00.012965
2021-08-04 16:05:11,131 - [basepage.py -->line:74] - INFO : 查找 首页-退出登录按钮 元素 ('xpath', "//a[text()='注销']") 成功！
2021-08-04 16:05:12,207 - [basepage.py -->line:109] - INFO : 点击 首页-退出登录按钮 元素 ('xpath', "//a[text()='注销']") 成功！
2021-08-04 16:05:14,232 - [basepage.py -->line:37] - INFO : 等待 登录页面_右上方登录按钮 元素 ('xpath', "//a[text()='登录']") 可见成功, 耗时: 0:00:00.009942
2021-08-04 16:05:14,236 - [basepage.py -->line:74] - INFO : 查找 登录页面_右上方登录按钮 元素 ('xpath', "//a[text()='登录']") 成功！
2021-08-04 16:05:15,303 - [basepage.py -->line:109] - INFO : 点击 登录页面_右上方登录按钮 元素 ('xpath', "//a[text()='登录']") 成功！
2021-08-04 16:05:15,318 - [basepage.py -->line:37] - INFO : 等待 登录页面_用户名密码输入框 元素 ('xpath', "//input[@id='loginName']") 可见成功, 耗时: 0:00:00.013961
2021-08-04 16:05:15,322 - [basepage.py -->line:74] - INFO : 查找 登录页面_用户名密码输入框 元素 ('xpath', "//input[@id='loginName']") 成功！
2021-08-04 16:05:16,370 - [basepage.py -->line:153] - INFO : 在 登录页面_用户名密码输入框 元素 ('xpath', "//input[@id='loginName']") 上输入文本值：hyl 成功！
2021-08-04 16:05:16,380 - [basepage.py -->line:37] - INFO : 等待 登录页面_登录按钮 元素 ('xpath', "//input[@type='button']") 可见成功, 耗时: 0:00:00.008975
2021-08-04 16:05:16,384 - [basepage.py -->line:74] - INFO : 查找 登录页面_登录按钮 元素 ('xpath', "//input[@type='button']") 成功！
2021-08-04 16:05:17,417 - [basepage.py -->line:109] - INFO : 点击 登录页面_登录按钮 元素 ('xpath', "//input[@type='button']") 成功！
2021-08-04 16:05:18,433 - [basepage.py -->line:52] - INFO : 等待 首页-用户名 元素 ('xpath', "//a[@href='/ebuy/admin/user?action=index']") 存在成功, 耗时: 0:00:00.003939
2021-08-04 16:05:18,437 - [basepage.py -->line:74] - INFO : 查找 首页-用户名 元素 ('xpath', "//a[@href='/ebuy/admin/user?action=index']") 成功！
2021-08-04 16:05:19,446 - [basepage.py -->line:287] - INFO : 获取 首页-用户名 元素 ('xpath', "//a[@href='/ebuy/admin/user?action=index']") 的文本值为:韩语良
2021-08-04 16:05:19,460 - [basepage.py -->line:37] - INFO : 等待 首页-退出登录按钮 元素 ('xpath', "//a[text()='注销']") 可见成功, 耗时: 0:00:00.013963
2021-08-04 16:05:19,464 - [basepage.py -->line:74] - INFO : 查找 首页-退出登录按钮 元素 ('xpath', "//a[text()='注销']") 成功！
2021-08-04 16:05:20,534 - [basepage.py -->line:109] - INFO : 点击 首页-退出登录按钮 元素 ('xpath', "//a[text()='注销']") 成功！
2021-08-04 16:05:22,555 - [basepage.py -->line:37] - INFO : 等待 登录页面_右上方登录按钮 元素 ('xpath', "//a[text()='登录']") 可见成功, 耗时: 0:00:00.014759
2021-08-04 16:05:22,559 - [basepage.py -->line:74] - INFO : 查找 登录页面_右上方登录按钮 元素 ('xpath', "//a[text()='登录']") 成功！
2021-08-04 16:05:23,621 - [basepage.py -->line:109] - INFO : 点击 登录页面_右上方登录按钮 元素 ('xpath', "//a[text()='登录']") 成功！
2021-08-04 16:05:23,639 - [basepage.py -->line:37] - INFO : 等待 登录页面_用户名密码输入框 元素 ('xpath', "//input[@id='loginName']") 可见成功, 耗时: 0:00:00.016953
2021-08-04 16:05:23,643 - [basepage.py -->line:74] - INFO : 查找 登录页面_用户名密码输入框 元素 ('xpath', "//input[@id='loginName']") 成功！
2021-08-04 16:05:24,697 - [basepage.py -->line:153] - INFO : 在 登录页面_用户名密码输入框 元素 ('xpath', "//input[@id='loginName']") 上输入文本值： 成功！
2021-08-04 16:05:24,711 - [basepage.py -->line:37] - INFO : 等待 登录页面_登录按钮 元素 ('xpath', "//input[@type='button']") 可见成功, 耗时: 0:00:00.013961
2021-08-04 16:05:24,714 - [basepage.py -->line:74] - INFO : 查找 登录页面_登录按钮 元素 ('xpath', "//input[@type='button']") 成功！
2021-08-04 16:05:25,750 - [basepage.py -->line:109] - INFO : 点击 登录页面_登录按钮 元素 ('xpath', "//input[@type='button']") 成功！
2021-08-04 16:05:57,022 - [basepage.py -->line:46] - ERROR : 等待 登录页-用户名不存在提示信息 元素 ('xpath', "//span[text()='用户不存在！']") 存在失败！
Traceback (most recent call last):
  File "D:\Python\pythonproject\web_automation_ebuy\common\basepage.py", line 43, in wait_ele_exists
    WebDriverWait(self.driver, timeout, frequency).until(ec.presence_of_element_located(loc))
  File "C:\Users\99162\AppData\Local\Programs\Python\Python37\lib\site-packages\selenium\webdriver\support\wait.py", line 80, in until
    raise TimeoutException(message, screen, stacktrace)
selenium.common.exceptions.TimeoutException: Message: 

2021-08-04 16:05:57,229 - [basepage.py -->line:319] - INFO : 截图成功，截图存放在：D:\Python\pythonproject\web_automation_ebuy\output/imgs\登录页-用户名不存在提示信息_2021-08-04 16_05_57.png
2021-08-04 16:05:57,246 - [basepage.py -->line:37] - INFO : 等待 首页-退出登录按钮 元素 ('xpath', "//a[text()='注销']") 可见成功, 耗时: 0:00:00.016929
2021-08-04 16:05:57,251 - [basepage.py -->line:74] - INFO : 查找 首页-退出登录按钮 元素 ('xpath', "//a[text()='注销']") 成功！
2021-08-04 16:05:58,337 - [basepage.py -->line:109] - INFO : 点击 首页-退出登录按钮 元素 ('xpath', "//a[text()='注销']") 成功！
2021-08-04 16:06:00,394 - [basepage.py -->line:37] - INFO : 等待 登录页面_右上方登录按钮 元素 ('xpath', "//a[text()='登录']") 可见成功, 耗时: 0:00:00.014718
2021-08-04 16:06:00,399 - [basepage.py -->line:74] - INFO : 查找 登录页面_右上方登录按钮 元素 ('xpath', "//a[text()='登录']") 成功！
2021-08-04 16:06:01,456 - [basepage.py -->line:109] - INFO : 点击 登录页面_右上方登录按钮 元素 ('xpath', "//a[text()='登录']") 成功！
2021-08-04 16:06:01,473 - [basepage.py -->line:37] - INFO : 等待 登录页面_用户名密码输入框 元素 ('xpath', "//input[@id='loginName']") 可见成功, 耗时: 0:00:00.015955
2021-08-04 16:06:01,477 - [basepage.py -->line:74] - INFO : 查找 登录页面_用户名密码输入框 元素 ('xpath', "//input[@id='loginName']") 成功！
2021-08-04 16:06:02,519 - [basepage.py -->line:153] - INFO : 在 登录页面_用户名密码输入框 元素 ('xpath', "//input[@id='loginName']") 上输入文本值：admin 成功！
2021-08-04 16:06:02,532 - [basepage.py -->line:37] - INFO : 等待 登录页面_登录按钮 元素 ('xpath', "//input[@type='button']") 可见成功, 耗时: 0:00:00.012966
2021-08-04 16:06:02,535 - [basepage.py -->line:74] - INFO : 查找 登录页面_登录按钮 元素 ('xpath', "//input[@type='button']") 成功！
2021-08-04 16:06:03,559 - [basepage.py -->line:109] - INFO : 点击 登录页面_登录按钮 元素 ('xpath', "//input[@type='button']") 成功！
2021-08-04 16:06:04,576 - [basepage.py -->line:52] - INFO : 等待 登录页-密码错误提示信息 元素 ('xpath', "//span[text()='密码错误！']") 存在成功, 耗时: 0:00:00.006739
2021-08-04 16:06:04,579 - [basepage.py -->line:74] - INFO : 查找 登录页-密码错误提示信息 元素 ('xpath', "//span[text()='密码错误！']") 成功！
2021-08-04 16:06:05,597 - [basepage.py -->line:287] - INFO : 获取 登录页-密码错误提示信息 元素 ('xpath', "//span[text()='密码错误！']") 的文本值为:密码错误！
2021-08-04 16:06:05,609 - [basepage.py -->line:37] - INFO : 等待 登录页-提示信息关闭按钮 元素 ('xpath', "//img[@src='/ebuy/statics/images/close.gif']") 可见成功, 耗时: 0:00:00.011968
2021-08-04 16:06:05,612 - [basepage.py -->line:74] - INFO : 查找 登录页-提示信息关闭按钮 元素 ('xpath', "//img[@src='/ebuy/statics/images/close.gif']") 成功！
2021-08-04 16:06:06,635 - [basepage.py -->line:109] - INFO : 点击 登录页-提示信息关闭按钮 元素 ('xpath', "//img[@src='/ebuy/statics/images/close.gif']") 成功！
2021-08-04 16:06:07,654 - [basepage.py -->line:37] - INFO : 等待 登录页面_右上方登录按钮 元素 ('xpath', "//a[text()='登录']") 可见成功, 耗时: 0:00:00.010730
2021-08-04 16:06:07,657 - [basepage.py -->line:74] - INFO : 查找 登录页面_右上方登录按钮 元素 ('xpath', "//a[text()='登录']") 成功！
2021-08-04 16:06:08,710 - [basepage.py -->line:109] - INFO : 点击 登录页面_右上方登录按钮 元素 ('xpath', "//a[text()='登录']") 成功！
2021-08-04 16:06:08,723 - [basepage.py -->line:37] - INFO : 等待 登录页面_用户名密码输入框 元素 ('xpath', "//input[@id='loginName']") 可见成功, 耗时: 0:00:00.011968
2021-08-04 16:06:08,727 - [basepage.py -->line:74] - INFO : 查找 登录页面_用户名密码输入框 元素 ('xpath', "//input[@id='loginName']") 成功！
2021-08-04 16:06:09,773 - [basepage.py -->line:153] - INFO : 在 登录页面_用户名密码输入框 元素 ('xpath', "//input[@id='loginName']") 上输入文本值：admin100 成功！
2021-08-04 16:06:09,783 - [basepage.py -->line:37] - INFO : 等待 登录页面_登录按钮 元素 ('xpath', "//input[@type='button']") 可见成功, 耗时: 0:00:00.009973
2021-08-04 16:06:09,786 - [basepage.py -->line:74] - INFO : 查找 登录页面_登录按钮 元素 ('xpath', "//input[@type='button']") 成功！
2021-08-04 16:06:10,824 - [basepage.py -->line:109] - INFO : 点击 登录页面_登录按钮 元素 ('xpath', "//input[@type='button']") 成功！
2021-08-04 16:06:11,846 - [basepage.py -->line:52] - INFO : 等待 登录页-用户名不存在提示信息 元素 ('xpath', "//span[text()='用户不存在！']") 存在成功, 耗时: 0:00:00.006944
2021-08-04 16:06:11,849 - [basepage.py -->line:74] - INFO : 查找 登录页-用户名不存在提示信息 元素 ('xpath', "//span[text()='用户不存在！']") 成功！
2021-08-04 16:06:12,870 - [basepage.py -->line:287] - INFO : 获取 登录页-用户名不存在提示信息 元素 ('xpath', "//span[text()='用户不存在！']") 的文本值为:用户不存在！
2021-08-04 16:06:12,879 - [basepage.py -->line:37] - INFO : 等待 登录页-提示信息关闭按钮 元素 ('xpath', "//img[@src='/ebuy/statics/images/close.gif']") 可见成功, 耗时: 0:00:00.008976
2021-08-04 16:06:12,883 - [basepage.py -->line:74] - INFO : 查找 登录页-提示信息关闭按钮 元素 ('xpath', "//img[@src='/ebuy/statics/images/close.gif']") 成功！
2021-08-04 16:06:13,906 - [basepage.py -->line:109] - INFO : 点击 登录页-提示信息关闭按钮 元素 ('xpath', "//img[@src='/ebuy/statics/images/close.gif']") 成功！
2021-08-04 16:06:14,921 - [basepage.py -->line:37] - INFO : 等待 登录页面_右上方登录按钮 元素 ('xpath', "//a[text()='登录']") 可见成功, 耗时: 0:00:00.010927
2021-08-04 16:06:14,925 - [basepage.py -->line:74] - INFO : 查找 登录页面_右上方登录按钮 元素 ('xpath', "//a[text()='登录']") 成功！
2021-08-04 16:06:15,980 - [basepage.py -->line:109] - INFO : 点击 登录页面_右上方登录按钮 元素 ('xpath', "//a[text()='登录']") 成功！
2021-08-04 16:06:15,993 - [basepage.py -->line:37] - INFO : 等待 登录页面_用户名密码输入框 元素 ('xpath', "//input[@id='loginName']") 可见成功, 耗时: 0:00:00.012965
2021-08-04 16:06:15,997 - [basepage.py -->line:74] - INFO : 查找 登录页面_用户名密码输入框 元素 ('xpath', "//input[@id='loginName']") 成功！
2021-08-04 16:06:17,049 - [basepage.py -->line:153] - INFO : 在 登录页面_用户名密码输入框 元素 ('xpath', "//input[@id='loginName']") 上输入文本值：xyz123 成功！
2021-08-04 16:06:17,059 - [basepage.py -->line:37] - INFO : 等待 登录页面_登录按钮 元素 ('xpath', "//input[@type='button']") 可见成功, 耗时: 0:00:00.009973
2021-08-04 16:06:17,063 - [basepage.py -->line:74] - INFO : 查找 登录页面_登录按钮 元素 ('xpath', "//input[@type='button']") 成功！
2021-08-04 16:06:18,095 - [basepage.py -->line:109] - INFO : 点击 登录页面_登录按钮 元素 ('xpath', "//input[@type='button']") 成功！
2021-08-04 16:06:19,101 - [basepage.py -->line:52] - INFO : 等待 登录页-用户名不存在提示信息 元素 ('xpath', "//span[text()='用户不存在！']") 存在成功, 耗时: 0:00:00.003943
2021-08-04 16:06:19,105 - [basepage.py -->line:74] - INFO : 查找 登录页-用户名不存在提示信息 元素 ('xpath', "//span[text()='用户不存在！']") 成功！
2021-08-04 16:06:20,115 - [basepage.py -->line:287] - INFO : 获取 登录页-用户名不存在提示信息 元素 ('xpath', "//span[text()='用户不存在！']") 的文本值为:用户不存在！
2021-08-04 16:06:20,124 - [basepage.py -->line:37] - INFO : 等待 登录页-提示信息关闭按钮 元素 ('xpath', "//img[@src='/ebuy/statics/images/close.gif']") 可见成功, 耗时: 0:00:00.008977
2021-08-04 16:06:20,128 - [basepage.py -->line:74] - INFO : 查找 登录页-提示信息关闭按钮 元素 ('xpath', "//img[@src='/ebuy/statics/images/close.gif']") 成功！
2021-08-04 16:06:21,146 - [basepage.py -->line:109] - INFO : 点击 登录页-提示信息关闭按钮 元素 ('xpath', "//img[@src='/ebuy/statics/images/close.gif']") 成功！
2021-08-04 16:06:22,174 - [basepage.py -->line:37] - INFO : 等待 登录页面_右上方登录按钮 元素 ('xpath', "//a[text()='登录']") 可见成功, 耗时: 0:00:00.011744
2021-08-04 16:06:22,177 - [basepage.py -->line:74] - INFO : 查找 登录页面_右上方登录按钮 元素 ('xpath', "//a[text()='登录']") 成功！
2021-08-04 16:06:23,242 - [basepage.py -->line:109] - INFO : 点击 登录页面_右上方登录按钮 元素 ('xpath', "//a[text()='登录']") 成功！
2021-08-04 16:06:23,257 - [basepage.py -->line:37] - INFO : 等待 登录页面_用户名密码输入框 元素 ('xpath', "//input[@id='loginName']") 可见成功, 耗时: 0:00:00.013962
2021-08-04 16:06:23,260 - [basepage.py -->line:74] - INFO : 查找 登录页面_用户名密码输入框 元素 ('xpath', "//input[@id='loginName']") 成功！
2021-08-04 16:06:24,305 - [basepage.py -->line:153] - INFO : 在 登录页面_用户名密码输入框 元素 ('xpath', "//input[@id='loginName']") 上输入文本值：admin 成功！
2021-08-04 16:06:24,315 - [basepage.py -->line:37] - INFO : 等待 登录页面_登录按钮 元素 ('xpath', "//input[@type='button']") 可见成功, 耗时: 0:00:00.008975
2021-08-04 16:06:24,319 - [basepage.py -->line:74] - INFO : 查找 登录页面_登录按钮 元素 ('xpath', "//input[@type='button']") 成功！
2021-08-04 16:06:25,350 - [basepage.py -->line:109] - INFO : 点击 登录页面_登录按钮 元素 ('xpath', "//input[@type='button']") 成功！
2021-08-04 16:06:26,368 - [basepage.py -->line:52] - INFO : 等待 登录页-密码错误提示信息 元素 ('xpath', "//span[text()='密码错误！']") 存在成功, 耗时: 0:00:00.008942
2021-08-04 16:06:26,372 - [basepage.py -->line:74] - INFO : 查找 登录页-密码错误提示信息 元素 ('xpath', "//span[text()='密码错误！']") 成功！
2021-08-04 16:06:27,393 - [basepage.py -->line:287] - INFO : 获取 登录页-密码错误提示信息 元素 ('xpath', "//span[text()='密码错误！']") 的文本值为:密码错误！
2021-08-04 16:06:27,405 - [basepage.py -->line:37] - INFO : 等待 登录页-提示信息关闭按钮 元素 ('xpath', "//img[@src='/ebuy/statics/images/close.gif']") 可见成功, 耗时: 0:00:00.011968
2021-08-04 16:06:27,408 - [basepage.py -->line:74] - INFO : 查找 登录页-提示信息关闭按钮 元素 ('xpath', "//img[@src='/ebuy/statics/images/close.gif']") 成功！
2021-08-04 16:06:28,429 - [basepage.py -->line:109] - INFO : 点击 登录页-提示信息关闭按钮 元素 ('xpath', "//img[@src='/ebuy/statics/images/close.gif']") 成功！
2021-08-04 16:06:29,455 - [basepage.py -->line:37] - INFO : 等待 登录页面_右上方登录按钮 元素 ('xpath', "//a[text()='登录']") 可见成功, 耗时: 0:00:00.014919
2021-08-04 16:06:29,460 - [basepage.py -->line:74] - INFO : 查找 登录页面_右上方登录按钮 元素 ('xpath', "//a[text()='登录']") 成功！
2021-08-04 16:06:30,519 - [basepage.py -->line:109] - INFO : 点击 登录页面_右上方登录按钮 元素 ('xpath', "//a[text()='登录']") 成功！
2021-08-04 16:06:30,534 - [basepage.py -->line:37] - INFO : 等待 登录页面_用户名密码输入框 元素 ('xpath', "//input[@id='loginName']") 可见成功, 耗时: 0:00:00.014959
2021-08-04 16:06:30,538 - [basepage.py -->line:74] - INFO : 查找 登录页面_用户名密码输入框 元素 ('xpath', "//input[@id='loginName']") 成功！
2021-08-04 16:06:31,579 - [basepage.py -->line:153] - INFO : 在 登录页面_用户名密码输入框 元素 ('xpath', "//input[@id='loginName']") 上输入文本值：cgn 成功！
2021-08-04 16:06:31,588 - [basepage.py -->line:37] - INFO : 等待 登录页面_登录按钮 元素 ('xpath', "//input[@type='button']") 可见成功, 耗时: 0:00:00.008975
2021-08-04 16:06:31,592 - [basepage.py -->line:74] - INFO : 查找 登录页面_登录按钮 元素 ('xpath', "//input[@type='button']") 成功！
2021-08-04 16:06:32,630 - [basepage.py -->line:109] - INFO : 点击 登录页面_登录按钮 元素 ('xpath', "//input[@type='button']") 成功！
2021-08-04 16:06:33,647 - [basepage.py -->line:52] - INFO : 等待 登录页-密码错误提示信息 元素 ('xpath', "//span[text()='密码错误！']") 存在成功, 耗时: 0:00:00.004769
2021-08-04 16:06:33,650 - [basepage.py -->line:74] - INFO : 查找 登录页-密码错误提示信息 元素 ('xpath', "//span[text()='密码错误！']") 成功！
2021-08-04 16:06:34,671 - [basepage.py -->line:287] - INFO : 获取 登录页-密码错误提示信息 元素 ('xpath', "//span[text()='密码错误！']") 的文本值为:密码错误！
2021-08-04 16:06:34,680 - [basepage.py -->line:37] - INFO : 等待 登录页-提示信息关闭按钮 元素 ('xpath', "//img[@src='/ebuy/statics/images/close.gif']") 可见成功, 耗时: 0:00:00.008977
2021-08-04 16:06:34,683 - [basepage.py -->line:74] - INFO : 查找 登录页-提示信息关闭按钮 元素 ('xpath', "//img[@src='/ebuy/statics/images/close.gif']") 成功！
2021-08-04 16:06:35,708 - [basepage.py -->line:109] - INFO : 点击 登录页-提示信息关闭按钮 元素 ('xpath', "//img[@src='/ebuy/statics/images/close.gif']") 成功！
2021-08-04 16:06:36,728 - [basepage.py -->line:37] - INFO : 等待 登录页面_右上方登录按钮 元素 ('xpath', "//a[text()='登录']") 可见成功, 耗时: 0:00:00.010933
2021-08-04 16:06:36,731 - [basepage.py -->line:74] - INFO : 查找 登录页面_右上方登录按钮 元素 ('xpath', "//a[text()='登录']") 成功！
2021-08-04 16:06:37,790 - [basepage.py -->line:109] - INFO : 点击 登录页面_右上方登录按钮 元素 ('xpath', "//a[text()='登录']") 成功！
2021-08-04 16:06:37,806 - [basepage.py -->line:37] - INFO : 等待 登录页面_用户名密码输入框 元素 ('xpath', "//input[@id='loginName']") 可见成功, 耗时: 0:00:00.015956
2021-08-04 16:06:37,809 - [basepage.py -->line:74] - INFO : 查找 登录页面_用户名密码输入框 元素 ('xpath', "//input[@id='loginName']") 成功！
2021-08-04 16:06:38,864 - [basepage.py -->line:153] - INFO : 在 登录页面_用户名密码输入框 元素 ('xpath', "//input[@id='loginName']") 上输入文本值：admin 成功！
2021-08-04 16:06:38,873 - [basepage.py -->line:37] - INFO : 等待 登录页面_登录按钮 元素 ('xpath', "//input[@type='button']") 可见成功, 耗时: 0:00:00.008972
2021-08-04 16:06:38,877 - [basepage.py -->line:74] - INFO : 查找 登录页面_登录按钮 元素 ('xpath', "//input[@type='button']") 成功！
2021-08-04 16:06:39,904 - [basepage.py -->line:109] - INFO : 点击 登录页面_登录按钮 元素 ('xpath', "//input[@type='button']") 成功！
2021-08-04 16:06:40,920 - [basepage.py -->line:37] - INFO : 等待 首页-退出登录按钮 元素 ('xpath', "//a[text()='注销']") 可见成功, 耗时: 0:00:00.013962
2021-08-04 16:06:40,925 - [basepage.py -->line:74] - INFO : 查找 首页-退出登录按钮 元素 ('xpath', "//a[text()='注销']") 成功！
2021-08-04 16:06:42,889 - [basepage.py -->line:109] - INFO : 点击 首页-退出登录按钮 元素 ('xpath', "//a[text()='注销']") 成功！
2021-08-04 16:06:44,914 - [basepage.py -->line:37] - INFO : 等待 登录页面_右上方登录按钮 元素 ('xpath', "//a[text()='登录']") 可见成功, 耗时: 0:00:00.013957
2021-08-04 16:06:44,918 - [basepage.py -->line:74] - INFO : 查找 登录页面_右上方登录按钮 元素 ('xpath', "//a[text()='登录']") 成功！
2021-08-04 16:06:45,978 - [basepage.py -->line:109] - INFO : 点击 登录页面_右上方登录按钮 元素 ('xpath', "//a[text()='登录']") 成功！
2021-08-04 16:06:45,995 - [basepage.py -->line:37] - INFO : 等待 登录页面_用户名密码输入框 元素 ('xpath', "//input[@id='loginName']") 可见成功, 耗时: 0:00:00.016950
2021-08-04 16:06:45,999 - [basepage.py -->line:74] - INFO : 查找 登录页面_用户名密码输入框 元素 ('xpath', "//input[@id='loginName']") 成功！
2021-08-04 16:06:47,046 - [basepage.py -->line:153] - INFO : 在 登录页面_用户名密码输入框 元素 ('xpath', "//input[@id='loginName']") 上输入文本值：cgn 成功！
2021-08-04 16:06:47,058 - [basepage.py -->line:37] - INFO : 等待 登录页面_登录按钮 元素 ('xpath', "//input[@type='button']") 可见成功, 耗时: 0:00:00.011968
2021-08-04 16:06:47,062 - [basepage.py -->line:74] - INFO : 查找 登录页面_登录按钮 元素 ('xpath', "//input[@type='button']") 成功！
2021-08-04 16:06:48,092 - [basepage.py -->line:109] - INFO : 点击 登录页面_登录按钮 元素 ('xpath', "//input[@type='button']") 成功！
2021-08-04 16:06:49,631 - [basepage.py -->line:37] - INFO : 等待 首页-退出登录按钮 元素 ('xpath', "//a[text()='注销']") 可见成功, 耗时: 0:00:00.527003
2021-08-04 16:06:49,635 - [basepage.py -->line:74] - INFO : 查找 首页-退出登录按钮 元素 ('xpath', "//a[text()='注销']") 成功！
2021-08-04 16:06:50,712 - [basepage.py -->line:109] - INFO : 点击 首页-退出登录按钮 元素 ('xpath', "//a[text()='注销']") 成功！
2021-08-04 16:06:52,741 - [basepage.py -->line:37] - INFO : 等待 登录页面_右上方登录按钮 元素 ('xpath', "//a[text()='登录']") 可见成功, 耗时: 0:00:00.011794
2021-08-04 16:06:52,745 - [basepage.py -->line:74] - INFO : 查找 登录页面_右上方登录按钮 元素 ('xpath', "//a[text()='登录']") 成功！
2021-08-04 16:06:53,814 - [basepage.py -->line:109] - INFO : 点击 登录页面_右上方登录按钮 元素 ('xpath', "//a[text()='登录']") 成功！
2021-08-04 16:06:53,829 - [basepage.py -->line:37] - INFO : 等待 登录页面_用户名密码输入框 元素 ('xpath', "//input[@id='loginName']") 可见成功, 耗时: 0:00:00.014960
2021-08-04 16:06:53,834 - [basepage.py -->line:74] - INFO : 查找 登录页面_用户名密码输入框 元素 ('xpath', "//input[@id='loginName']") 成功！
2021-08-04 16:06:54,877 - [basepage.py -->line:153] - INFO : 在 登录页面_用户名密码输入框 元素 ('xpath', "//input[@id='loginName']") 上输入文本值：hyl 成功！
2021-08-04 16:06:54,887 - [basepage.py -->line:37] - INFO : 等待 登录页面_登录按钮 元素 ('xpath', "//input[@type='button']") 可见成功, 耗时: 0:00:00.009974
2021-08-04 16:06:54,891 - [basepage.py -->line:74] - INFO : 查找 登录页面_登录按钮 元素 ('xpath', "//input[@type='button']") 成功！
2021-08-04 16:06:55,921 - [basepage.py -->line:109] - INFO : 点击 登录页面_登录按钮 元素 ('xpath', "//input[@type='button']") 成功！
2021-08-04 16:06:56,937 - [basepage.py -->line:37] - INFO : 等待 首页-退出登录按钮 元素 ('xpath', "//a[text()='注销']") 可见成功, 耗时: 0:00:00.010730
2021-08-04 16:06:56,941 - [basepage.py -->line:74] - INFO : 查找 首页-退出登录按钮 元素 ('xpath', "//a[text()='注销']") 成功！
2021-08-04 16:06:58,008 - [basepage.py -->line:109] - INFO : 点击 首页-退出登录按钮 元素 ('xpath', "//a[text()='注销']") 成功！
2021-08-04 16:07:00,043 - [basepage.py -->line:37] - INFO : 等待 登录页面_右上方免费注册按钮 元素 ('xpath', "//a[text()='免费注册']") 可见成功, 耗时: 0:00:00.014925
2021-08-04 16:07:00,048 - [basepage.py -->line:74] - INFO : 查找 登录页面_右上方免费注册按钮 元素 ('xpath', "//a[text()='免费注册']") 成功！
2021-08-04 16:07:01,122 - [basepage.py -->line:109] - INFO : 点击 登录页面_右上方免费注册按钮 元素 ('xpath', "//a[text()='免费注册']") 成功！
2021-08-04 16:07:01,141 - [basepage.py -->line:37] - INFO : 等待 注册页面_用户名密码输入框 元素 ('xpath', "//input[@name='loginName']") 可见成功, 耗时: 0:00:00.018950
2021-08-04 16:07:01,146 - [basepage.py -->line:74] - INFO : 查找 注册页面_用户名密码输入框 元素 ('xpath', "//input[@name='loginName']") 成功！
2021-08-04 16:07:02,215 - [basepage.py -->line:167] - INFO : 在 注册页面_用户名密码输入框 元素 ('xpath', "//input[@name='loginName']") 上输入文本值：tester1 成功！
2021-08-04 16:07:02,227 - [basepage.py -->line:37] - INFO : 等待 注册页-性别男 元素 ('xpath', "//input[@value='1']") 可见成功, 耗时: 0:00:00.011968
2021-08-04 16:07:02,231 - [basepage.py -->line:74] - INFO : 查找 注册页-性别男 元素 ('xpath', "//input[@value='1']") 成功！
2021-08-04 16:07:03,261 - [basepage.py -->line:109] - INFO : 点击 注册页-性别男 元素 ('xpath', "//input[@value='1']") 成功！
2021-08-04 16:07:03,272 - [basepage.py -->line:37] - INFO : 等待 注册页-身份证输入框 元素 ('xpath', "//input[@name='identityCode']") 可见成功, 耗时: 0:00:00.011966
2021-08-04 16:07:03,276 - [basepage.py -->line:74] - INFO : 查找 注册页-身份证输入框 元素 ('xpath', "//input[@name='identityCode']") 成功！
2021-08-04 16:07:04,333 - [basepage.py -->line:139] - INFO : 在 注册页-身份证输入框 元素 ('xpath', "//input[@name='identityCode']") 上输入文本值：140225189987854589 成功！
2021-08-04 16:07:04,345 - [basepage.py -->line:37] - INFO : 等待 注册页-邮箱输入框 元素 ('xpath', "//input[@name='email']") 可见成功, 耗时: 0:00:00.010970
2021-08-04 16:07:04,348 - [basepage.py -->line:74] - INFO : 查找 注册页-邮箱输入框 元素 ('xpath', "//input[@name='email']") 成功！
2021-08-04 16:07:05,391 - [basepage.py -->line:139] - INFO : 在 注册页-邮箱输入框 元素 ('xpath', "//input[@name='email']") 上输入文本值：46463464@qq.com 成功！
2021-08-04 16:07:05,403 - [basepage.py -->line:37] - INFO : 等待 注册页-手机号输入框 元素 ('xpath', "//input[@name='mobile']") 可见成功, 耗时: 0:00:00.011968
2021-08-04 16:07:05,406 - [basepage.py -->line:74] - INFO : 查找 注册页-手机号输入框 元素 ('xpath', "//input[@name='mobile']") 成功！
2021-08-04 16:07:06,462 - [basepage.py -->line:139] - INFO : 在 注册页-手机号输入框 元素 ('xpath', "//input[@name='mobile']") 上输入文本值：15071559633 成功！
2021-08-04 16:07:06,474 - [basepage.py -->line:37] - INFO : 等待 注册页面_注册按钮 元素 ('xpath', "//input[@type='button']") 可见成功, 耗时: 0:00:00.011967
2021-08-04 16:07:06,477 - [basepage.py -->line:74] - INFO : 查找 注册页面_注册按钮 元素 ('xpath', "//input[@type='button']") 成功！
2021-08-04 16:07:07,507 - [basepage.py -->line:109] - INFO : 点击 注册页面_注册按钮 元素 ('xpath', "//input[@type='button']") 成功！
2021-08-04 16:07:08,529 - [basepage.py -->line:52] - INFO : 等待 注册页-注册成功提示信息 元素 ('xpath', "//span[text()='注册成功！']") 存在成功, 耗时: 0:00:00.007037
2021-08-04 16:07:08,533 - [basepage.py -->line:74] - INFO : 查找 注册页-注册成功提示信息 元素 ('xpath', "//span[text()='注册成功！']") 成功！
2021-08-04 16:07:09,553 - [basepage.py -->line:287] - INFO : 获取 注册页-注册成功提示信息 元素 ('xpath', "//span[text()='注册成功！']") 的文本值为:注册成功！
2021-08-04 16:07:09,566 - [basepage.py -->line:37] - INFO : 等待 注册页-提示信息关闭按钮 元素 ('xpath', "//img[@src='/ebuy/statics/images/close.gif']") 可见成功, 耗时: 0:00:00.012965
2021-08-04 16:07:09,570 - [basepage.py -->line:74] - INFO : 查找 注册页-提示信息关闭按钮 元素 ('xpath', "//img[@src='/ebuy/statics/images/close.gif']") 成功！
2021-08-04 16:07:10,601 - [basepage.py -->line:109] - INFO : 点击 注册页-提示信息关闭按钮 元素 ('xpath', "//img[@src='/ebuy/statics/images/close.gif']") 成功！
2021-08-04 16:07:11,626 - [basepage.py -->line:37] - INFO : 等待 登录页面_右上方免费注册按钮 元素 ('xpath', "//a[text()='免费注册']") 可见成功, 耗时: 0:00:00.017837
2021-08-04 16:07:11,629 - [basepage.py -->line:74] - INFO : 查找 登录页面_右上方免费注册按钮 元素 ('xpath', "//a[text()='免费注册']") 成功！
2021-08-04 16:07:12,698 - [basepage.py -->line:109] - INFO : 点击 登录页面_右上方免费注册按钮 元素 ('xpath', "//a[text()='免费注册']") 成功！
2021-08-04 16:07:12,718 - [basepage.py -->line:37] - INFO : 等待 注册页面_用户名密码输入框 元素 ('xpath', "//input[@name='loginName']") 可见成功, 耗时: 0:00:00.019943
2021-08-04 16:07:12,722 - [basepage.py -->line:74] - INFO : 查找 注册页面_用户名密码输入框 元素 ('xpath', "//input[@name='loginName']") 成功！
2021-08-04 16:07:13,781 - [basepage.py -->line:167] - INFO : 在 注册页面_用户名密码输入框 元素 ('xpath', "//input[@name='loginName']") 上输入文本值：tester2 成功！
2021-08-04 16:07:13,793 - [basepage.py -->line:37] - INFO : 等待 注册页-性别女 元素 ('xpath', "//input[@value='0']") 可见成功, 耗时: 0:00:00.011968
2021-08-04 16:07:13,797 - [basepage.py -->line:74] - INFO : 查找 注册页-性别女 元素 ('xpath', "//input[@value='0']") 成功！
2021-08-04 16:07:14,831 - [basepage.py -->line:109] - INFO : 点击 注册页-性别女 元素 ('xpath', "//input[@value='0']") 成功！
2021-08-04 16:07:14,843 - [basepage.py -->line:37] - INFO : 等待 注册页-身份证输入框 元素 ('xpath', "//input[@name='identityCode']") 可见成功, 耗时: 0:00:00.011968
2021-08-04 16:07:14,846 - [basepage.py -->line:74] - INFO : 查找 注册页-身份证输入框 元素 ('xpath', "//input[@name='identityCode']") 成功！
2021-08-04 16:07:15,903 - [basepage.py -->line:139] - INFO : 在 注册页-身份证输入框 元素 ('xpath', "//input[@name='identityCode']") 上输入文本值：140225189987854580 成功！
2021-08-04 16:07:15,915 - [basepage.py -->line:37] - INFO : 等待 注册页-邮箱输入框 元素 ('xpath', "//input[@name='email']") 可见成功, 耗时: 0:00:00.010970
2021-08-04 16:07:15,919 - [basepage.py -->line:74] - INFO : 查找 注册页-邮箱输入框 元素 ('xpath', "//input[@name='email']") 成功！
2021-08-04 16:07:16,974 - [basepage.py -->line:139] - INFO : 在 注册页-邮箱输入框 元素 ('xpath', "//input[@name='email']") 上输入文本值：46463164@qq.com 成功！
2021-08-04 16:07:16,990 - [basepage.py -->line:37] - INFO : 等待 注册页-手机号输入框 元素 ('xpath', "//input[@name='mobile']") 可见成功, 耗时: 0:00:00.015956
2021-08-04 16:07:16,995 - [basepage.py -->line:74] - INFO : 查找 注册页-手机号输入框 元素 ('xpath', "//input[@name='mobile']") 成功！
2021-08-04 16:07:18,036 - [basepage.py -->line:139] - INFO : 在 注册页-手机号输入框 元素 ('xpath', "//input[@name='mobile']") 上输入文本值：15071559630 成功！
2021-08-04 16:07:18,050 - [basepage.py -->line:37] - INFO : 等待 注册页面_注册按钮 元素 ('xpath', "//input[@type='button']") 可见成功, 耗时: 0:00:00.013961
2021-08-04 16:07:18,056 - [basepage.py -->line:74] - INFO : 查找 注册页面_注册按钮 元素 ('xpath', "//input[@type='button']") 成功！
2021-08-04 16:07:19,086 - [basepage.py -->line:109] - INFO : 点击 注册页面_注册按钮 元素 ('xpath', "//input[@type='button']") 成功！
2021-08-04 16:07:20,108 - [basepage.py -->line:52] - INFO : 等待 注册页-注册成功提示信息 元素 ('xpath', "//span[text()='注册成功！']") 存在成功, 耗时: 0:00:00.007920
2021-08-04 16:07:20,111 - [basepage.py -->line:74] - INFO : 查找 注册页-注册成功提示信息 元素 ('xpath', "//span[text()='注册成功！']") 成功！
2021-08-04 16:07:21,133 - [basepage.py -->line:287] - INFO : 获取 注册页-注册成功提示信息 元素 ('xpath', "//span[text()='注册成功！']") 的文本值为:注册成功！
2021-08-04 16:07:21,144 - [basepage.py -->line:37] - INFO : 等待 注册页-提示信息关闭按钮 元素 ('xpath', "//img[@src='/ebuy/statics/images/close.gif']") 可见成功, 耗时: 0:00:00.010971
2021-08-04 16:07:21,148 - [basepage.py -->line:74] - INFO : 查找 注册页-提示信息关闭按钮 元素 ('xpath', "//img[@src='/ebuy/statics/images/close.gif']") 成功！
2021-08-04 16:07:22,168 - [basepage.py -->line:109] - INFO : 点击 注册页-提示信息关闭按钮 元素 ('xpath', "//img[@src='/ebuy/statics/images/close.gif']") 成功！
2021-08-04 16:07:23,184 - [basepage.py -->line:37] - INFO : 等待 登录页面_右上方免费注册按钮 元素 ('xpath', "//a[text()='免费注册']") 可见成功, 耗时: 0:00:00.009729
2021-08-04 16:07:23,187 - [basepage.py -->line:74] - INFO : 查找 登录页面_右上方免费注册按钮 元素 ('xpath', "//a[text()='免费注册']") 成功！
2021-08-04 16:07:24,261 - [basepage.py -->line:109] - INFO : 点击 登录页面_右上方免费注册按钮 元素 ('xpath', "//a[text()='免费注册']") 成功！
2021-08-04 16:07:24,275 - [basepage.py -->line:37] - INFO : 等待 注册页面_用户名密码输入框 元素 ('xpath', "//input[@name='loginName']") 可见成功, 耗时: 0:00:00.013962
2021-08-04 16:07:24,280 - [basepage.py -->line:74] - INFO : 查找 注册页面_用户名密码输入框 元素 ('xpath', "//input[@name='loginName']") 成功！
2021-08-04 16:07:25,339 - [basepage.py -->line:167] - INFO : 在 注册页面_用户名密码输入框 元素 ('xpath', "//input[@name='loginName']") 上输入文本值： 成功！
2021-08-04 16:07:25,351 - [basepage.py -->line:37] - INFO : 等待 注册页-性别男 元素 ('xpath', "//input[@value='1']") 可见成功, 耗时: 0:00:00.011967
2021-08-04 16:07:25,355 - [basepage.py -->line:74] - INFO : 查找 注册页-性别男 元素 ('xpath', "//input[@value='1']") 成功！
2021-08-04 16:07:26,380 - [basepage.py -->line:109] - INFO : 点击 注册页-性别男 元素 ('xpath', "//input[@value='1']") 成功！
2021-08-04 16:07:26,389 - [basepage.py -->line:37] - INFO : 等待 注册页-身份证输入框 元素 ('xpath', "//input[@name='identityCode']") 可见成功, 耗时: 0:00:00.008976
2021-08-04 16:07:26,393 - [basepage.py -->line:74] - INFO : 查找 注册页-身份证输入框 元素 ('xpath', "//input[@name='identityCode']") 成功！
2021-08-04 16:07:27,437 - [basepage.py -->line:139] - INFO : 在 注册页-身份证输入框 元素 ('xpath', "//input[@name='identityCode']") 上输入文本值：140225189987854580 成功！
2021-08-04 16:07:27,449 - [basepage.py -->line:37] - INFO : 等待 注册页-邮箱输入框 元素 ('xpath', "//input[@name='email']") 可见成功, 耗时: 0:00:00.011969
2021-08-04 16:07:27,453 - [basepage.py -->line:74] - INFO : 查找 注册页-邮箱输入框 元素 ('xpath', "//input[@name='email']") 成功！
2021-08-04 16:07:28,508 - [basepage.py -->line:139] - INFO : 在 注册页-邮箱输入框 元素 ('xpath', "//input[@name='email']") 上输入文本值：46463164@qq.com 成功！
2021-08-04 16:07:28,520 - [basepage.py -->line:37] - INFO : 等待 注册页-手机号输入框 元素 ('xpath', "//input[@name='mobile']") 可见成功, 耗时: 0:00:00.011968
2021-08-04 16:07:28,524 - [basepage.py -->line:74] - INFO : 查找 注册页-手机号输入框 元素 ('xpath', "//input[@name='mobile']") 成功！
2021-08-04 16:07:29,573 - [basepage.py -->line:139] - INFO : 在 注册页-手机号输入框 元素 ('xpath', "//input[@name='mobile']") 上输入文本值：15071559630 成功！
2021-08-04 16:07:29,587 - [basepage.py -->line:37] - INFO : 等待 注册页面_注册按钮 元素 ('xpath', "//input[@type='button']") 可见成功, 耗时: 0:00:00.012965
2021-08-04 16:07:29,590 - [basepage.py -->line:74] - INFO : 查找 注册页面_注册按钮 元素 ('xpath', "//input[@type='button']") 成功！
2021-08-04 16:07:30,621 - [basepage.py -->line:109] - INFO : 点击 注册页面_注册按钮 元素 ('xpath', "//input[@type='button']") 成功！
2021-08-04 16:07:31,637 - [basepage.py -->line:52] - INFO : 等待 注册页-用户名不能为空 元素 ('xpath', "//span[text()='用户名不能为空.']") 存在成功, 耗时: 0:00:00.007875
2021-08-04 16:07:31,641 - [basepage.py -->line:74] - INFO : 查找 注册页-用户名不能为空 元素 ('xpath', "//span[text()='用户名不能为空.']") 成功！
2021-08-04 16:07:32,666 - [basepage.py -->line:287] - INFO : 获取 注册页-用户名不能为空 元素 ('xpath', "//span[text()='用户名不能为空.']") 的文本值为:用户名不能为空.
2021-08-04 16:07:32,676 - [basepage.py -->line:37] - INFO : 等待 注册页-提示信息关闭按钮 元素 ('xpath', "//img[@src='/ebuy/statics/images/close.gif']") 可见成功, 耗时: 0:00:00.009974
2021-08-04 16:07:32,679 - [basepage.py -->line:74] - INFO : 查找 注册页-提示信息关闭按钮 元素 ('xpath', "//img[@src='/ebuy/statics/images/close.gif']") 成功！
2021-08-04 16:07:33,708 - [basepage.py -->line:109] - INFO : 点击 注册页-提示信息关闭按钮 元素 ('xpath', "//img[@src='/ebuy/statics/images/close.gif']") 成功！
2021-08-04 16:07:34,727 - [basepage.py -->line:37] - INFO : 等待 登录页面_右上方免费注册按钮 元素 ('xpath', "//a[text()='免费注册']") 可见成功, 耗时: 0:00:00.009841
2021-08-04 16:07:34,731 - [basepage.py -->line:74] - INFO : 查找 登录页面_右上方免费注册按钮 元素 ('xpath', "//a[text()='免费注册']") 成功！
2021-08-04 16:07:35,812 - [basepage.py -->line:109] - INFO : 点击 登录页面_右上方免费注册按钮 元素 ('xpath', "//a[text()='免费注册']") 成功！
2021-08-04 16:07:35,828 - [basepage.py -->line:37] - INFO : 等待 注册页面_用户名密码输入框 元素 ('xpath', "//input[@name='loginName']") 可见成功, 耗时: 0:00:00.015957
2021-08-04 16:07:35,832 - [basepage.py -->line:74] - INFO : 查找 注册页面_用户名密码输入框 元素 ('xpath', "//input[@name='loginName']") 成功！
2021-08-04 16:07:36,898 - [basepage.py -->line:167] - INFO : 在 注册页面_用户名密码输入框 元素 ('xpath', "//input[@name='loginName']") 上输入文本值：tester3 成功！
2021-08-04 16:07:36,907 - [basepage.py -->line:37] - INFO : 等待 注册页-性别男 元素 ('xpath', "//input[@value='1']") 可见成功, 耗时: 0:00:00.008977
2021-08-04 16:07:36,911 - [basepage.py -->line:74] - INFO : 查找 注册页-性别男 元素 ('xpath', "//input[@value='1']") 成功！
2021-08-04 16:07:37,956 - [basepage.py -->line:109] - INFO : 点击 注册页-性别男 元素 ('xpath', "//input[@value='1']") 成功！
2021-08-04 16:07:37,966 - [basepage.py -->line:37] - INFO : 等待 注册页-身份证输入框 元素 ('xpath', "//input[@name='identityCode']") 可见成功, 耗时: 0:00:00.008975
2021-08-04 16:07:37,970 - [basepage.py -->line:74] - INFO : 查找 注册页-身份证输入框 元素 ('xpath', "//input[@name='identityCode']") 成功！
2021-08-04 16:07:39,016 - [basepage.py -->line:139] - INFO : 在 注册页-身份证输入框 元素 ('xpath', "//input[@name='identityCode']") 上输入文本值：140225189987854580 成功！
2021-08-04 16:07:39,025 - [basepage.py -->line:37] - INFO : 等待 注册页-邮箱输入框 元素 ('xpath', "//input[@name='email']") 可见成功, 耗时: 0:00:00.008976
2021-08-04 16:07:39,028 - [basepage.py -->line:74] - INFO : 查找 注册页-邮箱输入框 元素 ('xpath', "//input[@name='email']") 成功！
2021-08-04 16:07:40,092 - [basepage.py -->line:139] - INFO : 在 注册页-邮箱输入框 元素 ('xpath', "//input[@name='email']") 上输入文本值：46463164@qq.com 成功！
2021-08-04 16:07:40,103 - [basepage.py -->line:37] - INFO : 等待 注册页-手机号输入框 元素 ('xpath', "//input[@name='mobile']") 可见成功, 耗时: 0:00:00.010970
2021-08-04 16:07:40,107 - [basepage.py -->line:74] - INFO : 查找 注册页-手机号输入框 元素 ('xpath', "//input[@name='mobile']") 成功！
2021-08-04 16:07:41,159 - [basepage.py -->line:139] - INFO : 在 注册页-手机号输入框 元素 ('xpath', "//input[@name='mobile']") 上输入文本值：15071559630 成功！
2021-08-04 16:07:41,171 - [basepage.py -->line:37] - INFO : 等待 注册页面_注册按钮 元素 ('xpath', "//input[@type='button']") 可见成功, 耗时: 0:00:00.010972
2021-08-04 16:07:41,175 - [basepage.py -->line:74] - INFO : 查找 注册页面_注册按钮 元素 ('xpath', "//input[@type='button']") 成功！
2021-08-04 16:07:42,214 - [basepage.py -->line:109] - INFO : 点击 注册页面_注册按钮 元素 ('xpath', "//input[@type='button']") 成功！
2021-08-04 16:07:43,225 - [basepage.py -->line:52] - INFO : 等待 注册页-两次输入的密码不一致 元素 ('xpath', "//span[text()='两次输入的密码不一致.']") 存在成功, 耗时: 0:00:00.006967
2021-08-04 16:07:43,229 - [basepage.py -->line:74] - INFO : 查找 注册页-两次输入的密码不一致 元素 ('xpath', "//span[text()='两次输入的密码不一致.']") 成功！
2021-08-04 16:07:44,236 - [basepage.py -->line:287] - INFO : 获取 注册页-两次输入的密码不一致 元素 ('xpath', "//span[text()='两次输入的密码不一致.']") 的文本值为:两次输入的密码不一致.
2021-08-04 16:07:44,246 - [basepage.py -->line:37] - INFO : 等待 注册页-提示信息关闭按钮 元素 ('xpath', "//img[@src='/ebuy/statics/images/close.gif']") 可见成功, 耗时: 0:00:00.008976
2021-08-04 16:07:44,249 - [basepage.py -->line:74] - INFO : 查找 注册页-提示信息关闭按钮 元素 ('xpath', "//img[@src='/ebuy/statics/images/close.gif']") 成功！
2021-08-04 16:07:45,270 - [basepage.py -->line:109] - INFO : 点击 注册页-提示信息关闭按钮 元素 ('xpath', "//img[@src='/ebuy/statics/images/close.gif']") 成功！
2021-08-04 16:07:46,297 - [basepage.py -->line:37] - INFO : 等待 登录页面_右上方免费注册按钮 元素 ('xpath', "//a[text()='免费注册']") 可见成功, 耗时: 0:00:00.012960
2021-08-04 16:07:46,301 - [basepage.py -->line:74] - INFO : 查找 登录页面_右上方免费注册按钮 元素 ('xpath', "//a[text()='免费注册']") 成功！
2021-08-04 16:07:47,374 - [basepage.py -->line:109] - INFO : 点击 登录页面_右上方免费注册按钮 元素 ('xpath', "//a[text()='免费注册']") 成功！
2021-08-04 16:07:47,388 - [basepage.py -->line:37] - INFO : 等待 注册页面_用户名密码输入框 元素 ('xpath', "//input[@name='loginName']") 可见成功, 耗时: 0:00:00.013960
2021-08-04 16:07:47,392 - [basepage.py -->line:74] - INFO : 查找 注册页面_用户名密码输入框 元素 ('xpath', "//input[@name='loginName']") 成功！
2021-08-04 16:07:48,452 - [basepage.py -->line:167] - INFO : 在 注册页面_用户名密码输入框 元素 ('xpath', "//input[@name='loginName']") 上输入文本值：admin 成功！
2021-08-04 16:07:48,462 - [basepage.py -->line:37] - INFO : 等待 注册页-性别男 元素 ('xpath', "//input[@value='1']") 可见成功, 耗时: 0:00:00.009972
2021-08-04 16:07:48,465 - [basepage.py -->line:74] - INFO : 查找 注册页-性别男 元素 ('xpath', "//input[@value='1']") 成功！
2021-08-04 16:07:49,505 - [basepage.py -->line:109] - INFO : 点击 注册页-性别男 元素 ('xpath', "//input[@value='1']") 成功！
2021-08-04 16:07:49,517 - [basepage.py -->line:37] - INFO : 等待 注册页-身份证输入框 元素 ('xpath', "//input[@name='identityCode']") 可见成功, 耗时: 0:00:00.011968
2021-08-04 16:07:49,520 - [basepage.py -->line:74] - INFO : 查找 注册页-身份证输入框 元素 ('xpath', "//input[@name='identityCode']") 成功！
2021-08-04 16:07:50,577 - [basepage.py -->line:139] - INFO : 在 注册页-身份证输入框 元素 ('xpath', "//input[@name='identityCode']") 上输入文本值：140225189987854580 成功！
2021-08-04 16:07:50,589 - [basepage.py -->line:37] - INFO : 等待 注册页-邮箱输入框 元素 ('xpath', "//input[@name='email']") 可见成功, 耗时: 0:00:00.011968
2021-08-04 16:07:50,593 - [basepage.py -->line:74] - INFO : 查找 注册页-邮箱输入框 元素 ('xpath', "//input[@name='email']") 成功！
2021-08-04 16:07:51,646 - [basepage.py -->line:139] - INFO : 在 注册页-邮箱输入框 元素 ('xpath', "//input[@name='email']") 上输入文本值：46463164@qq.com 成功！
2021-08-04 16:07:51,658 - [basepage.py -->line:37] - INFO : 等待 注册页-手机号输入框 元素 ('xpath', "//input[@name='mobile']") 可见成功, 耗时: 0:00:00.011968
2021-08-04 16:07:51,662 - [basepage.py -->line:74] - INFO : 查找 注册页-手机号输入框 元素 ('xpath', "//input[@name='mobile']") 成功！
2021-08-04 16:07:52,698 - [basepage.py -->line:139] - INFO : 在 注册页-手机号输入框 元素 ('xpath', "//input[@name='mobile']") 上输入文本值：15071559630 成功！
2021-08-04 16:07:52,710 - [basepage.py -->line:37] - INFO : 等待 注册页面_注册按钮 元素 ('xpath', "//input[@type='button']") 可见成功, 耗时: 0:00:00.011968
2021-08-04 16:07:52,714 - [basepage.py -->line:74] - INFO : 查找 注册页面_注册按钮 元素 ('xpath', "//input[@type='button']") 成功！
2021-08-04 16:07:53,745 - [basepage.py -->line:109] - INFO : 点击 注册页面_注册按钮 元素 ('xpath', "//input[@type='button']") 成功！
2021-08-04 16:07:54,754 - [basepage.py -->line:52] - INFO : 等待 注册页-用户已经存在 元素 ('xpath', "//span[text()='用户已经存在！']") 存在成功, 耗时: 0:00:00.008952
2021-08-04 16:07:54,757 - [basepage.py -->line:74] - INFO : 查找 注册页-用户已经存在 元素 ('xpath', "//span[text()='用户已经存在！']") 成功！
2021-08-04 16:07:55,778 - [basepage.py -->line:287] - INFO : 获取 注册页-用户已经存在 元素 ('xpath', "//span[text()='用户已经存在！']") 的文本值为:用户已经存在！
2021-08-04 16:07:55,789 - [basepage.py -->line:37] - INFO : 等待 注册页-提示信息关闭按钮 元素 ('xpath', "//img[@src='/ebuy/statics/images/close.gif']") 可见成功, 耗时: 0:00:00.010970
2021-08-04 16:07:55,793 - [basepage.py -->line:74] - INFO : 查找 注册页-提示信息关闭按钮 元素 ('xpath', "//img[@src='/ebuy/statics/images/close.gif']") 成功！
2021-08-04 16:07:56,813 - [basepage.py -->line:109] - INFO : 点击 注册页-提示信息关闭按钮 元素 ('xpath', "//img[@src='/ebuy/statics/images/close.gif']") 成功！
