2021-08-04 15:07:59,441 - [basepage.py -->line:37] - INFO : 等待 登录页面_右上方登录按钮 元素 ('xpath', "//a[text()='登录']") 可见成功, 耗时: 0:00:00.017913
2021-08-04 15:07:59,446 - [basepage.py -->line:74] - INFO : 查找 登录页面_右上方登录按钮 元素 ('xpath', "//a[text()='登录']") 成功！
2021-08-04 15:08:00,544 - [basepage.py -->line:109] - INFO : 点击 登录页面_右上方登录按钮 元素 ('xpath', "//a[text()='登录']") 成功！
2021-08-04 15:08:00,563 - [basepage.py -->line:37] - INFO : 等待 登录页面_用户名密码输入框 元素 ('xpath', "//input[@id='loginName']") 可见成功, 耗时: 0:00:00.018949
2021-08-04 15:08:00,568 - [basepage.py -->line:74] - INFO : 查找 登录页面_用户名密码输入框 元素 ('xpath', "//input[@id='loginName']") 成功！
2021-08-04 15:08:01,610 - [basepage.py -->line:153] - INFO : 在 登录页面_用户名密码输入框 元素 ('xpath', "//input[@id='loginName']") 上输入文本值：admin 成功！
2021-08-04 15:08:01,626 - [basepage.py -->line:37] - INFO : 等待 登录页面_登录按钮 元素 ('xpath', "//input[@type='button']") 可见成功, 耗时: 0:00:00.015956
2021-08-04 15:08:01,630 - [basepage.py -->line:74] - INFO : 查找 登录页面_登录按钮 元素 ('xpath', "//input[@type='button']") 成功！
2021-08-04 15:08:02,662 - [basepage.py -->line:109] - INFO : 点击 登录页面_登录按钮 元素 ('xpath', "//input[@type='button']") 成功！
2021-08-04 15:08:03,674 - [basepage.py -->line:52] - INFO : 等待 首页-用户名 元素 ('xpath', "//a[@href='/ebuy/admin/user?action=index']") 存在成功, 耗时: 0:00:00.007950
2021-08-04 15:08:03,677 - [basepage.py -->line:74] - INFO : 查找 首页-用户名 元素 ('xpath', "//a[@href='/ebuy/admin/user?action=index']") 成功！
2021-08-04 15:08:04,699 - [basepage.py -->line:287] - INFO : 获取 首页-用户名 元素 ('xpath', "//a[@href='/ebuy/admin/user?action=index']") 的文本值为:系统管理员
2021-08-04 15:08:04,712 - [basepage.py -->line:37] - INFO : 等待 首页-退出登录按钮 元素 ('xpath', "//a[text()='注销']") 可见成功, 耗时: 0:00:00.012965
2021-08-04 15:08:04,717 - [basepage.py -->line:74] - INFO : 查找 首页-退出登录按钮 元素 ('xpath', "//a[text()='注销']") 成功！
2021-08-04 15:08:05,793 - [basepage.py -->line:109] - INFO : 点击 首页-退出登录按钮 元素 ('xpath', "//a[text()='注销']") 成功！
2021-08-04 15:08:07,827 - [basepage.py -->line:37] - INFO : 等待 登录页面_右上方登录按钮 元素 ('xpath', "//a[text()='登录']") 可见成功, 耗时: 0:00:00.014911
2021-08-04 15:08:07,831 - [basepage.py -->line:74] - INFO : 查找 登录页面_右上方登录按钮 元素 ('xpath', "//a[text()='登录']") 成功！
2021-08-04 15:08:08,914 - [basepage.py -->line:109] - INFO : 点击 登录页面_右上方登录按钮 元素 ('xpath', "//a[text()='登录']") 成功！
2021-08-04 15:08:08,942 - [basepage.py -->line:37] - INFO : 等待 登录页面_用户名密码输入框 元素 ('xpath', "//input[@id='loginName']") 可见成功, 耗时: 0:00:00.027926
2021-08-04 15:08:08,946 - [basepage.py -->line:74] - INFO : 查找 登录页面_用户名密码输入框 元素 ('xpath', "//input[@id='loginName']") 成功！
2021-08-04 15:08:09,983 - [basepage.py -->line:153] - INFO : 在 登录页面_用户名密码输入框 元素 ('xpath', "//input[@id='loginName']") 上输入文本值：cgn 成功！
2021-08-04 15:08:09,997 - [basepage.py -->line:37] - INFO : 等待 登录页面_登录按钮 元素 ('xpath', "//input[@type='button']") 可见成功, 耗时: 0:00:00.013961
2021-08-04 15:08:10,001 - [basepage.py -->line:74] - INFO : 查找 登录页面_登录按钮 元素 ('xpath', "//input[@type='button']") 成功！
2021-08-04 15:08:11,040 - [basepage.py -->line:109] - INFO : 点击 登录页面_登录按钮 元素 ('xpath', "//input[@type='button']") 成功！
2021-08-04 15:08:12,048 - [basepage.py -->line:52] - INFO : 等待 首页-用户名 元素 ('xpath', "//a[@href='/ebuy/admin/user?action=index']") 存在成功, 耗时: 0:00:00.007704
2021-08-04 15:08:12,051 - [basepage.py -->line:74] - INFO : 查找 首页-用户名 元素 ('xpath', "//a[@href='/ebuy/admin/user?action=index']") 成功！
2021-08-04 15:08:13,071 - [basepage.py -->line:287] - INFO : 获取 首页-用户名 元素 ('xpath', "//a[@href='/ebuy/admin/user?action=index']") 的文本值为:程广宁
2021-08-04 15:08:13,084 - [basepage.py -->line:37] - INFO : 等待 首页-退出登录按钮 元素 ('xpath', "//a[text()='注销']") 可见成功, 耗时: 0:00:00.011969
2021-08-04 15:08:13,089 - [basepage.py -->line:74] - INFO : 查找 首页-退出登录按钮 元素 ('xpath', "//a[text()='注销']") 成功！
2021-08-04 15:08:14,163 - [basepage.py -->line:109] - INFO : 点击 首页-退出登录按钮 元素 ('xpath', "//a[text()='注销']") 成功！
2021-08-04 15:08:16,191 - [basepage.py -->line:37] - INFO : 等待 登录页面_右上方登录按钮 元素 ('xpath', "//a[text()='登录']") 可见成功, 耗时: 0:00:00.010967
2021-08-04 15:08:16,196 - [basepage.py -->line:74] - INFO : 查找 登录页面_右上方登录按钮 元素 ('xpath', "//a[text()='登录']") 成功！
2021-08-04 15:08:17,264 - [basepage.py -->line:109] - INFO : 点击 登录页面_右上方登录按钮 元素 ('xpath', "//a[text()='登录']") 成功！
2021-08-04 15:08:17,279 - [basepage.py -->line:37] - INFO : 等待 登录页面_用户名密码输入框 元素 ('xpath', "//input[@id='loginName']") 可见成功, 耗时: 0:00:00.014959
2021-08-04 15:08:17,283 - [basepage.py -->line:74] - INFO : 查找 登录页面_用户名密码输入框 元素 ('xpath', "//input[@id='loginName']") 成功！
2021-08-04 15:08:18,329 - [basepage.py -->line:153] - INFO : 在 登录页面_用户名密码输入框 元素 ('xpath', "//input[@id='loginName']") 上输入文本值：hyl 成功！
2021-08-04 15:08:18,339 - [basepage.py -->line:37] - INFO : 等待 登录页面_登录按钮 元素 ('xpath', "//input[@type='button']") 可见成功, 耗时: 0:00:00.008976
2021-08-04 15:08:18,343 - [basepage.py -->line:74] - INFO : 查找 登录页面_登录按钮 元素 ('xpath', "//input[@type='button']") 成功！
2021-08-04 15:08:19,381 - [basepage.py -->line:109] - INFO : 点击 登录页面_登录按钮 元素 ('xpath', "//input[@type='button']") 成功！
2021-08-04 15:08:20,388 - [basepage.py -->line:52] - INFO : 等待 首页-用户名 元素 ('xpath', "//a[@href='/ebuy/admin/user?action=index']") 存在成功, 耗时: 0:00:00.005947
2021-08-04 15:08:20,392 - [basepage.py -->line:74] - INFO : 查找 首页-用户名 元素 ('xpath', "//a[@href='/ebuy/admin/user?action=index']") 成功！
2021-08-04 15:08:21,403 - [basepage.py -->line:287] - INFO : 获取 首页-用户名 元素 ('xpath', "//a[@href='/ebuy/admin/user?action=index']") 的文本值为:韩语良
2021-08-04 15:08:21,413 - [basepage.py -->line:37] - INFO : 等待 首页-退出登录按钮 元素 ('xpath', "//a[text()='注销']") 可见成功, 耗时: 0:00:00.009973
2021-08-04 15:08:21,417 - [basepage.py -->line:74] - INFO : 查找 首页-退出登录按钮 元素 ('xpath', "//a[text()='注销']") 成功！
2021-08-04 15:08:22,496 - [basepage.py -->line:109] - INFO : 点击 首页-退出登录按钮 元素 ('xpath', "//a[text()='注销']") 成功！
2021-08-04 15:08:24,524 - [basepage.py -->line:37] - INFO : 等待 登录页面_右上方登录按钮 元素 ('xpath', "//a[text()='登录']") 可见成功, 耗时: 0:00:00.012960
2021-08-04 15:08:24,528 - [basepage.py -->line:74] - INFO : 查找 登录页面_右上方登录按钮 元素 ('xpath', "//a[text()='登录']") 成功！
2021-08-04 15:08:25,589 - [basepage.py -->line:109] - INFO : 点击 登录页面_右上方登录按钮 元素 ('xpath', "//a[text()='登录']") 成功！
2021-08-04 15:08:25,604 - [basepage.py -->line:37] - INFO : 等待 登录页面_用户名密码输入框 元素 ('xpath', "//input[@id='loginName']") 可见成功, 耗时: 0:00:00.014955
2021-08-04 15:08:25,609 - [basepage.py -->line:74] - INFO : 查找 登录页面_用户名密码输入框 元素 ('xpath', "//input[@id='loginName']") 成功！
2021-08-04 15:08:26,656 - [basepage.py -->line:153] - INFO : 在 登录页面_用户名密码输入框 元素 ('xpath', "//input[@id='loginName']") 上输入文本值： 成功！
2021-08-04 15:08:26,666 - [basepage.py -->line:37] - INFO : 等待 登录页面_登录按钮 元素 ('xpath', "//input[@type='button']") 可见成功, 耗时: 0:00:00.009973
2021-08-04 15:08:26,669 - [basepage.py -->line:74] - INFO : 查找 登录页面_登录按钮 元素 ('xpath', "//input[@type='button']") 成功！
2021-08-04 15:08:27,697 - [basepage.py -->line:109] - INFO : 点击 登录页面_登录按钮 元素 ('xpath', "//input[@type='button']") 成功！
2021-08-04 15:08:58,984 - [basepage.py -->line:46] - ERROR : 等待 登录页-用户名不存在提示信息 元素 ('xpath', "//span[text()='用户不存在！']") 存在失败！
Traceback (most recent call last):
  File "D:\Python\pythonproject\web_automation_ebuy\common\basepage.py", line 43, in wait_ele_exists
    WebDriverWait(self.driver, timeout, frequency).until(ec.presence_of_element_located(loc))
  File "C:\Users\99162\AppData\Local\Programs\Python\Python37\lib\site-packages\selenium\webdriver\support\wait.py", line 80, in until
    raise TimeoutException(message, screen, stacktrace)
selenium.common.exceptions.TimeoutException: Message: 

2021-08-04 15:08:59,195 - [basepage.py -->line:319] - INFO : 截图成功，截图存放在：D:\Python\pythonproject\web_automation_ebuy\output/imgs\登录页-用户名不存在提示信息_2021-08-04 15_08_58.png
2021-08-04 15:08:59,214 - [basepage.py -->line:37] - INFO : 等待 首页-退出登录按钮 元素 ('xpath', "//a[text()='注销']") 可见成功, 耗时: 0:00:00.018950
2021-08-04 15:08:59,220 - [basepage.py -->line:74] - INFO : 查找 首页-退出登录按钮 元素 ('xpath', "//a[text()='注销']") 成功！
2021-08-04 15:09:00,313 - [basepage.py -->line:109] - INFO : 点击 首页-退出登录按钮 元素 ('xpath', "//a[text()='注销']") 成功！
2021-08-04 15:09:02,382 - [basepage.py -->line:37] - INFO : 等待 登录页面_右上方登录按钮 元素 ('xpath', "//a[text()='登录']") 可见成功, 耗时: 0:00:00.015034
2021-08-04 15:09:02,385 - [basepage.py -->line:74] - INFO : 查找 登录页面_右上方登录按钮 元素 ('xpath', "//a[text()='登录']") 成功！
2021-08-04 15:09:03,452 - [basepage.py -->line:109] - INFO : 点击 登录页面_右上方登录按钮 元素 ('xpath', "//a[text()='登录']") 成功！
2021-08-04 15:09:03,470 - [basepage.py -->line:37] - INFO : 等待 登录页面_用户名密码输入框 元素 ('xpath', "//input[@id='loginName']") 可见成功, 耗时: 0:00:00.017950
2021-08-04 15:09:03,474 - [basepage.py -->line:74] - INFO : 查找 登录页面_用户名密码输入框 元素 ('xpath', "//input[@id='loginName']") 成功！
2021-08-04 15:09:04,512 - [basepage.py -->line:153] - INFO : 在 登录页面_用户名密码输入框 元素 ('xpath', "//input[@id='loginName']") 上输入文本值：admin 成功！
2021-08-04 15:09:04,525 - [basepage.py -->line:37] - INFO : 等待 登录页面_登录按钮 元素 ('xpath', "//input[@type='button']") 可见成功, 耗时: 0:00:00.012965
2021-08-04 15:09:04,528 - [basepage.py -->line:74] - INFO : 查找 登录页面_登录按钮 元素 ('xpath', "//input[@type='button']") 成功！
2021-08-04 15:09:05,566 - [basepage.py -->line:109] - INFO : 点击 登录页面_登录按钮 元素 ('xpath', "//input[@type='button']") 成功！
2021-08-04 15:09:06,584 - [basepage.py -->line:52] - INFO : 等待 登录页-密码错误提示信息 元素 ('xpath', "//span[text()='密码错误！']") 存在成功, 耗时: 0:00:00.006934
2021-08-04 15:09:06,587 - [basepage.py -->line:74] - INFO : 查找 登录页-密码错误提示信息 元素 ('xpath', "//span[text()='密码错误！']") 成功！
2021-08-04 15:09:07,607 - [basepage.py -->line:287] - INFO : 获取 登录页-密码错误提示信息 元素 ('xpath', "//span[text()='密码错误！']") 的文本值为:密码错误！
2021-08-04 15:09:07,619 - [basepage.py -->line:37] - INFO : 等待 登录页-提示信息关闭按钮 元素 ('xpath', "//img[@src='/ebuy/statics/images/close.gif']") 可见成功, 耗时: 0:00:00.010971
2021-08-04 15:09:07,622 - [basepage.py -->line:74] - INFO : 查找 登录页-提示信息关闭按钮 元素 ('xpath', "//img[@src='/ebuy/statics/images/close.gif']") 成功！
2021-08-04 15:09:08,655 - [basepage.py -->line:109] - INFO : 点击 登录页-提示信息关闭按钮 元素 ('xpath', "//img[@src='/ebuy/statics/images/close.gif']") 成功！
2021-08-04 15:09:09,673 - [basepage.py -->line:37] - INFO : 等待 登录页面_右上方登录按钮 元素 ('xpath', "//a[text()='登录']") 可见成功, 耗时: 0:00:00.011796
2021-08-04 15:09:09,677 - [basepage.py -->line:74] - INFO : 查找 登录页面_右上方登录按钮 元素 ('xpath', "//a[text()='登录']") 成功！
2021-08-04 15:09:10,733 - [basepage.py -->line:109] - INFO : 点击 登录页面_右上方登录按钮 元素 ('xpath', "//a[text()='登录']") 成功！
2021-08-04 15:09:10,745 - [basepage.py -->line:37] - INFO : 等待 登录页面_用户名密码输入框 元素 ('xpath', "//input[@id='loginName']") 可见成功, 耗时: 0:00:00.011967
2021-08-04 15:09:10,750 - [basepage.py -->line:74] - INFO : 查找 登录页面_用户名密码输入框 元素 ('xpath', "//input[@id='loginName']") 成功！
2021-08-04 15:09:11,795 - [basepage.py -->line:153] - INFO : 在 登录页面_用户名密码输入框 元素 ('xpath', "//input[@id='loginName']") 上输入文本值：admin100 成功！
2021-08-04 15:09:11,805 - [basepage.py -->line:37] - INFO : 等待 登录页面_登录按钮 元素 ('xpath', "//input[@type='button']") 可见成功, 耗时: 0:00:00.009969
2021-08-04 15:09:11,808 - [basepage.py -->line:74] - INFO : 查找 登录页面_登录按钮 元素 ('xpath', "//input[@type='button']") 成功！
2021-08-04 15:09:12,837 - [basepage.py -->line:109] - INFO : 点击 登录页面_登录按钮 元素 ('xpath', "//input[@type='button']") 成功！
2021-08-04 15:09:13,858 - [basepage.py -->line:52] - INFO : 等待 登录页-用户名不存在提示信息 元素 ('xpath', "//span[text()='用户不存在！']") 存在成功, 耗时: 0:00:00.006981
2021-08-04 15:09:13,861 - [basepage.py -->line:74] - INFO : 查找 登录页-用户名不存在提示信息 元素 ('xpath', "//span[text()='用户不存在！']") 成功！
2021-08-04 15:09:14,876 - [basepage.py -->line:287] - INFO : 获取 登录页-用户名不存在提示信息 元素 ('xpath', "//span[text()='用户不存在！']") 的文本值为:用户不存在！
2021-08-04 15:09:14,885 - [basepage.py -->line:37] - INFO : 等待 登录页-提示信息关闭按钮 元素 ('xpath', "//img[@src='/ebuy/statics/images/close.gif']") 可见成功, 耗时: 0:00:00.008975
2021-08-04 15:09:14,889 - [basepage.py -->line:74] - INFO : 查找 登录页-提示信息关闭按钮 元素 ('xpath', "//img[@src='/ebuy/statics/images/close.gif']") 成功！
2021-08-04 15:09:15,910 - [basepage.py -->line:109] - INFO : 点击 登录页-提示信息关闭按钮 元素 ('xpath', "//img[@src='/ebuy/statics/images/close.gif']") 成功！
2021-08-04 15:09:16,929 - [basepage.py -->line:37] - INFO : 等待 登录页面_右上方登录按钮 元素 ('xpath', "//a[text()='登录']") 可见成功, 耗时: 0:00:00.011696
2021-08-04 15:09:16,934 - [basepage.py -->line:74] - INFO : 查找 登录页面_右上方登录按钮 元素 ('xpath', "//a[text()='登录']") 成功！
2021-08-04 15:09:17,988 - [basepage.py -->line:109] - INFO : 点击 登录页面_右上方登录按钮 元素 ('xpath', "//a[text()='登录']") 成功！
2021-08-04 15:09:18,000 - [basepage.py -->line:37] - INFO : 等待 登录页面_用户名密码输入框 元素 ('xpath', "//input[@id='loginName']") 可见成功, 耗时: 0:00:00.011969
2021-08-04 15:09:18,005 - [basepage.py -->line:74] - INFO : 查找 登录页面_用户名密码输入框 元素 ('xpath', "//input[@id='loginName']") 成功！
2021-08-04 15:09:19,053 - [basepage.py -->line:153] - INFO : 在 登录页面_用户名密码输入框 元素 ('xpath', "//input[@id='loginName']") 上输入文本值：xyz123 成功！
2021-08-04 15:09:19,063 - [basepage.py -->line:37] - INFO : 等待 登录页面_登录按钮 元素 ('xpath', "//input[@type='button']") 可见成功, 耗时: 0:00:00.009972
2021-08-04 15:09:19,067 - [basepage.py -->line:74] - INFO : 查找 登录页面_登录按钮 元素 ('xpath', "//input[@type='button']") 成功！
2021-08-04 15:09:20,092 - [basepage.py -->line:109] - INFO : 点击 登录页面_登录按钮 元素 ('xpath', "//input[@type='button']") 成功！
2021-08-04 15:09:21,102 - [basepage.py -->line:52] - INFO : 等待 登录页-用户名不存在提示信息 元素 ('xpath', "//span[text()='用户不存在！']") 存在成功, 耗时: 0:00:00.005885
2021-08-04 15:09:21,106 - [basepage.py -->line:74] - INFO : 查找 登录页-用户名不存在提示信息 元素 ('xpath', "//span[text()='用户不存在！']") 成功！
2021-08-04 15:09:22,115 - [basepage.py -->line:287] - INFO : 获取 登录页-用户名不存在提示信息 元素 ('xpath', "//span[text()='用户不存在！']") 的文本值为:用户不存在！
2021-08-04 15:09:22,124 - [basepage.py -->line:37] - INFO : 等待 登录页-提示信息关闭按钮 元素 ('xpath', "//img[@src='/ebuy/statics/images/close.gif']") 可见成功, 耗时: 0:00:00.008982
2021-08-04 15:09:22,128 - [basepage.py -->line:74] - INFO : 查找 登录页-提示信息关闭按钮 元素 ('xpath', "//img[@src='/ebuy/statics/images/close.gif']") 成功！
2021-08-04 15:09:23,151 - [basepage.py -->line:109] - INFO : 点击 登录页-提示信息关闭按钮 元素 ('xpath', "//img[@src='/ebuy/statics/images/close.gif']") 成功！
2021-08-04 15:09:24,176 - [basepage.py -->line:37] - INFO : 等待 登录页面_右上方登录按钮 元素 ('xpath', "//a[text()='登录']") 可见成功, 耗时: 0:00:00.008972
2021-08-04 15:09:24,180 - [basepage.py -->line:74] - INFO : 查找 登录页面_右上方登录按钮 元素 ('xpath', "//a[text()='登录']") 成功！
2021-08-04 15:09:25,237 - [basepage.py -->line:109] - INFO : 点击 登录页面_右上方登录按钮 元素 ('xpath', "//a[text()='登录']") 成功！
2021-08-04 15:09:25,248 - [basepage.py -->line:37] - INFO : 等待 登录页面_用户名密码输入框 元素 ('xpath', "//input[@id='loginName']") 可见成功, 耗时: 0:00:00.011966
2021-08-04 15:09:25,252 - [basepage.py -->line:74] - INFO : 查找 登录页面_用户名密码输入框 元素 ('xpath', "//input[@id='loginName']") 成功！
2021-08-04 15:09:26,294 - [basepage.py -->line:153] - INFO : 在 登录页面_用户名密码输入框 元素 ('xpath', "//input[@id='loginName']") 上输入文本值：admin 成功！
2021-08-04 15:09:26,304 - [basepage.py -->line:37] - INFO : 等待 登录页面_登录按钮 元素 ('xpath', "//input[@type='button']") 可见成功, 耗时: 0:00:00.009973
2021-08-04 15:09:26,308 - [basepage.py -->line:74] - INFO : 查找 登录页面_登录按钮 元素 ('xpath', "//input[@type='button']") 成功！
2021-08-04 15:09:27,338 - [basepage.py -->line:109] - INFO : 点击 登录页面_登录按钮 元素 ('xpath', "//input[@type='button']") 成功！
2021-08-04 15:09:28,358 - [basepage.py -->line:52] - INFO : 等待 登录页-密码错误提示信息 元素 ('xpath', "//span[text()='密码错误！']") 存在成功, 耗时: 0:00:00.006983
2021-08-04 15:09:28,362 - [basepage.py -->line:74] - INFO : 查找 登录页-密码错误提示信息 元素 ('xpath', "//span[text()='密码错误！']") 成功！
2021-08-04 15:09:29,385 - [basepage.py -->line:287] - INFO : 获取 登录页-密码错误提示信息 元素 ('xpath', "//span[text()='密码错误！']") 的文本值为:密码错误！
2021-08-04 15:09:29,399 - [basepage.py -->line:37] - INFO : 等待 登录页-提示信息关闭按钮 元素 ('xpath', "//img[@src='/ebuy/statics/images/close.gif']") 可见成功, 耗时: 0:00:00.012965
2021-08-04 15:09:29,403 - [basepage.py -->line:74] - INFO : 查找 登录页-提示信息关闭按钮 元素 ('xpath', "//img[@src='/ebuy/statics/images/close.gif']") 成功！
2021-08-04 15:09:30,423 - [basepage.py -->line:109] - INFO : 点击 登录页-提示信息关闭按钮 元素 ('xpath', "//img[@src='/ebuy/statics/images/close.gif']") 成功！
2021-08-04 15:09:31,447 - [basepage.py -->line:37] - INFO : 等待 登录页面_右上方登录按钮 元素 ('xpath', "//a[text()='登录']") 可见成功, 耗时: 0:00:00.016922
2021-08-04 15:09:31,451 - [basepage.py -->line:74] - INFO : 查找 登录页面_右上方登录按钮 元素 ('xpath', "//a[text()='登录']") 成功！
2021-08-04 15:09:32,511 - [basepage.py -->line:109] - INFO : 点击 登录页面_右上方登录按钮 元素 ('xpath', "//a[text()='登录']") 成功！
2021-08-04 15:09:32,524 - [basepage.py -->line:37] - INFO : 等待 登录页面_用户名密码输入框 元素 ('xpath', "//input[@id='loginName']") 可见成功, 耗时: 0:00:00.013963
2021-08-04 15:09:32,528 - [basepage.py -->line:74] - INFO : 查找 登录页面_用户名密码输入框 元素 ('xpath', "//input[@id='loginName']") 成功！
2021-08-04 15:09:33,569 - [basepage.py -->line:153] - INFO : 在 登录页面_用户名密码输入框 元素 ('xpath', "//input[@id='loginName']") 上输入文本值：cgn 成功！
2021-08-04 15:09:33,579 - [basepage.py -->line:37] - INFO : 等待 登录页面_登录按钮 元素 ('xpath', "//input[@type='button']") 可见成功, 耗时: 0:00:00.009973
2021-08-04 15:09:33,583 - [basepage.py -->line:74] - INFO : 查找 登录页面_登录按钮 元素 ('xpath', "//input[@type='button']") 成功！
2021-08-04 15:09:34,607 - [basepage.py -->line:109] - INFO : 点击 登录页面_登录按钮 元素 ('xpath', "//input[@type='button']") 成功！
2021-08-04 15:09:35,626 - [basepage.py -->line:52] - INFO : 等待 登录页-密码错误提示信息 元素 ('xpath', "//span[text()='密码错误！']") 存在成功, 耗时: 0:00:00.004750
2021-08-04 15:09:35,630 - [basepage.py -->line:74] - INFO : 查找 登录页-密码错误提示信息 元素 ('xpath', "//span[text()='密码错误！']") 成功！
2021-08-04 15:09:36,663 - [basepage.py -->line:287] - INFO : 获取 登录页-密码错误提示信息 元素 ('xpath', "//span[text()='密码错误！']") 的文本值为:密码错误！
2021-08-04 15:09:36,673 - [basepage.py -->line:37] - INFO : 等待 登录页-提示信息关闭按钮 元素 ('xpath', "//img[@src='/ebuy/statics/images/close.gif']") 可见成功, 耗时: 0:00:00.010011
2021-08-04 15:09:36,676 - [basepage.py -->line:74] - INFO : 查找 登录页-提示信息关闭按钮 元素 ('xpath', "//img[@src='/ebuy/statics/images/close.gif']") 成功！
2021-08-04 15:09:37,700 - [basepage.py -->line:109] - INFO : 点击 登录页-提示信息关闭按钮 元素 ('xpath', "//img[@src='/ebuy/statics/images/close.gif']") 成功！
