2021-08-04 13:07:35,019 - [basepage.py -->line:37] - INFO : 等待 登录页面_右上方登录按钮 元素 ('xpath', "//a[text()='登录']") 可见成功, 耗时: 0:00:00.106332
2021-08-04 13:07:35,049 - [basepage.py -->line:74] - INFO : 查找 登录页面_右上方登录按钮 元素 ('xpath', "//a[text()='登录']") 成功！
2021-08-04 13:07:36,294 - [basepage.py -->line:109] - INFO : 点击 登录页面_右上方登录按钮 元素 ('xpath', "//a[text()='登录']") 成功！
2021-08-04 13:07:36,336 - [basepage.py -->line:37] - INFO : 等待 登录页面_用户名密码输入框 元素 ('xpath', "//input[@id='loginName']") 可见成功, 耗时: 0:00:00.039893
2021-08-04 13:07:36,343 - [basepage.py -->line:74] - INFO : 查找 登录页面_用户名密码输入框 元素 ('xpath', "//input[@id='loginName']") 成功！
2021-08-04 13:07:37,398 - [basepage.py -->line:153] - INFO : 在 登录页面_用户名密码输入框 元素 ('xpath', "//input[@id='loginName']") 上输入文本值：admin 成功！
2021-08-04 13:07:37,422 - [basepage.py -->line:37] - INFO : 等待 登录页面_登录按钮 元素 ('xpath', "//input[@type='button']") 可见成功, 耗时: 0:00:00.023935
2021-08-04 13:07:37,430 - [basepage.py -->line:74] - INFO : 查找 登录页面_登录按钮 元素 ('xpath', "//input[@type='button']") 成功！
2021-08-04 13:07:38,476 - [basepage.py -->line:109] - INFO : 点击 登录页面_登录按钮 元素 ('xpath', "//input[@type='button']") 成功！
2021-08-04 13:07:39,525 - [basepage.py -->line:52] - INFO : 等待 首页-用户名 元素 ('xpath', "//a[@href='/ebuy/admin/user?action=index']") 存在成功, 耗时: 0:00:00.035718
2021-08-04 13:07:39,534 - [basepage.py -->line:74] - INFO : 查找 首页-用户名 元素 ('xpath', "//a[@href='/ebuy/admin/user?action=index']") 成功！
2021-08-04 13:07:40,556 - [basepage.py -->line:287] - INFO : 获取 首页-用户名 元素 ('xpath', "//a[@href='/ebuy/admin/user?action=index']") 的文本值为:系统管理员
2021-08-04 13:07:40,578 - [basepage.py -->line:37] - INFO : 等待 首页-退出登录按钮 元素 ('xpath', "//a[text()='注销']") 可见成功, 耗时: 0:00:00.021936
2021-08-04 13:07:40,585 - [basepage.py -->line:74] - INFO : 查找 首页-退出登录按钮 元素 ('xpath', "//a[text()='注销']") 成功！
2021-08-04 13:07:41,838 - [basepage.py -->line:109] - INFO : 点击 首页-退出登录按钮 元素 ('xpath', "//a[text()='注销']") 成功！
2021-08-04 13:07:43,903 - [basepage.py -->line:37] - INFO : 等待 登录页面_右上方登录按钮 元素 ('xpath', "//a[text()='登录']") 可见成功, 耗时: 0:00:00.039084
2021-08-04 13:07:43,921 - [basepage.py -->line:74] - INFO : 查找 登录页面_右上方登录按钮 元素 ('xpath', "//a[text()='登录']") 成功！
2021-08-04 13:07:45,002 - [basepage.py -->line:109] - INFO : 点击 登录页面_右上方登录按钮 元素 ('xpath', "//a[text()='登录']") 成功！
2021-08-04 13:07:45,022 - [basepage.py -->line:37] - INFO : 等待 登录页面_用户名密码输入框 元素 ('xpath', "//input[@id='loginName']") 可见成功, 耗时: 0:00:00.019984
2021-08-04 13:07:45,029 - [basepage.py -->line:74] - INFO : 查找 登录页面_用户名密码输入框 元素 ('xpath', "//input[@id='loginName']") 成功！
2021-08-04 13:07:46,158 - [basepage.py -->line:153] - INFO : 在 登录页面_用户名密码输入框 元素 ('xpath', "//input[@id='loginName']") 上输入文本值：cgn 成功！
2021-08-04 13:07:46,214 - [basepage.py -->line:37] - INFO : 等待 登录页面_登录按钮 元素 ('xpath', "//input[@type='button']") 可见成功, 耗时: 0:00:00.055325
2021-08-04 13:07:46,231 - [basepage.py -->line:74] - INFO : 查找 登录页面_登录按钮 元素 ('xpath', "//input[@type='button']") 成功！
2021-08-04 13:07:47,339 - [basepage.py -->line:109] - INFO : 点击 登录页面_登录按钮 元素 ('xpath', "//input[@type='button']") 成功！
2021-08-04 13:07:48,371 - [basepage.py -->line:52] - INFO : 等待 首页-用户名 元素 ('xpath', "//a[@href='/ebuy/admin/user?action=index']") 存在成功, 耗时: 0:00:00.028711
2021-08-04 13:07:48,392 - [basepage.py -->line:74] - INFO : 查找 首页-用户名 元素 ('xpath', "//a[@href='/ebuy/admin/user?action=index']") 成功！
2021-08-04 13:07:49,437 - [basepage.py -->line:287] - INFO : 获取 首页-用户名 元素 ('xpath', "//a[@href='/ebuy/admin/user?action=index']") 的文本值为:程广宁
2021-08-04 13:07:49,487 - [basepage.py -->line:37] - INFO : 等待 首页-退出登录按钮 元素 ('xpath', "//a[text()='注销']") 可见成功, 耗时: 0:00:00.049054
2021-08-04 13:07:49,508 - [basepage.py -->line:74] - INFO : 查找 首页-退出登录按钮 元素 ('xpath', "//a[text()='注销']") 成功！
2021-08-04 13:07:50,760 - [basepage.py -->line:109] - INFO : 点击 首页-退出登录按钮 元素 ('xpath', "//a[text()='注销']") 成功！
2021-08-04 13:07:52,802 - [basepage.py -->line:37] - INFO : 等待 登录页面_右上方登录按钮 元素 ('xpath', "//a[text()='登录']") 可见成功, 耗时: 0:00:00.016826
2021-08-04 13:07:52,809 - [basepage.py -->line:74] - INFO : 查找 登录页面_右上方登录按钮 元素 ('xpath', "//a[text()='登录']") 成功！
2021-08-04 13:07:54,077 - [basepage.py -->line:109] - INFO : 点击 登录页面_右上方登录按钮 元素 ('xpath', "//a[text()='登录']") 成功！
2021-08-04 13:07:54,140 - [basepage.py -->line:37] - INFO : 等待 登录页面_用户名密码输入框 元素 ('xpath', "//input[@id='loginName']") 可见成功, 耗时: 0:00:00.062143
2021-08-04 13:07:54,162 - [basepage.py -->line:74] - INFO : 查找 登录页面_用户名密码输入框 元素 ('xpath', "//input[@id='loginName']") 成功！
2021-08-04 13:07:55,305 - [basepage.py -->line:153] - INFO : 在 登录页面_用户名密码输入框 元素 ('xpath', "//input[@id='loginName']") 上输入文本值：hyl 成功！
2021-08-04 13:07:55,352 - [basepage.py -->line:37] - INFO : 等待 登录页面_登录按钮 元素 ('xpath', "//input[@type='button']") 可见成功, 耗时: 0:00:00.046489
2021-08-04 13:07:55,370 - [basepage.py -->line:74] - INFO : 查找 登录页面_登录按钮 元素 ('xpath', "//input[@type='button']") 成功！
2021-08-04 13:07:56,515 - [basepage.py -->line:109] - INFO : 点击 登录页面_登录按钮 元素 ('xpath', "//input[@type='button']") 成功！
2021-08-04 13:07:57,557 - [basepage.py -->line:52] - INFO : 等待 首页-用户名 元素 ('xpath', "//a[@href='/ebuy/admin/user?action=index']") 存在成功, 耗时: 0:00:00.038433
2021-08-04 13:07:57,582 - [basepage.py -->line:74] - INFO : 查找 首页-用户名 元素 ('xpath', "//a[@href='/ebuy/admin/user?action=index']") 成功！
2021-08-04 13:07:58,621 - [basepage.py -->line:287] - INFO : 获取 首页-用户名 元素 ('xpath', "//a[@href='/ebuy/admin/user?action=index']") 的文本值为:韩语良
2021-08-04 13:07:58,668 - [basepage.py -->line:37] - INFO : 等待 首页-退出登录按钮 元素 ('xpath', "//a[text()='注销']") 可见成功, 耗时: 0:00:00.046875
2021-08-04 13:07:58,688 - [basepage.py -->line:74] - INFO : 查找 首页-退出登录按钮 元素 ('xpath', "//a[text()='注销']") 成功！
2021-08-04 13:07:59,881 - [basepage.py -->line:109] - INFO : 点击 首页-退出登录按钮 元素 ('xpath', "//a[text()='注销']") 成功！
2021-08-04 13:08:01,958 - [basepage.py -->line:37] - INFO : 等待 登录页面_右上方登录按钮 元素 ('xpath', "//a[text()='登录']") 可见成功, 耗时: 0:00:00.056700
2021-08-04 13:08:01,977 - [basepage.py -->line:74] - INFO : 查找 登录页面_右上方登录按钮 元素 ('xpath', "//a[text()='登录']") 成功！
2021-08-04 13:08:03,287 - [basepage.py -->line:109] - INFO : 点击 登录页面_右上方登录按钮 元素 ('xpath', "//a[text()='登录']") 成功！
2021-08-04 13:08:03,346 - [basepage.py -->line:37] - INFO : 等待 登录页面_用户名密码输入框 元素 ('xpath', "//input[@id='loginName']") 可见成功, 耗时: 0:00:00.057689
2021-08-04 13:08:03,373 - [basepage.py -->line:74] - INFO : 查找 登录页面_用户名密码输入框 元素 ('xpath', "//input[@id='loginName']") 成功！
2021-08-04 13:08:04,541 - [basepage.py -->line:153] - INFO : 在 登录页面_用户名密码输入框 元素 ('xpath', "//input[@id='loginName']") 上输入文本值： 成功！
2021-08-04 13:08:04,579 - [basepage.py -->line:37] - INFO : 等待 登录页面_登录按钮 元素 ('xpath', "//input[@type='button']") 可见成功, 耗时: 0:00:00.036901
2021-08-04 13:08:04,595 - [basepage.py -->line:74] - INFO : 查找 登录页面_登录按钮 元素 ('xpath', "//input[@type='button']") 成功！
2021-08-04 13:08:05,708 - [basepage.py -->line:109] - INFO : 点击 登录页面_登录按钮 元素 ('xpath', "//input[@type='button']") 成功！
2021-08-04 13:08:37,135 - [basepage.py -->line:46] - ERROR : 等待 登录页-用户名不存在提示信息 元素 ('xpath', "//span[text()='用户不存在！']") 存在失败！
Traceback (most recent call last):
  File "C:\Users\keen\Desktop\aa\web_automation_ebuy\common\basepage.py", line 43, in wait_ele_exists
    WebDriverWait(self.driver, timeout, frequency).until(ec.presence_of_element_located(loc))
  File "D:\Python39\lib\site-packages\selenium\webdriver\support\wait.py", line 80, in until
    raise TimeoutException(message, screen, stacktrace)
selenium.common.exceptions.TimeoutException: Message: 

2021-08-04 13:08:37,534 - [basepage.py -->line:319] - INFO : 截图成功，截图存放在：C:\Users\keen\Desktop\aa\web_automation_ebuy\output/imgs\登录页-用户名不存在提示信息_2021-08-04 13_08_37.png
2021-08-04 13:08:37,557 - [basepage.py -->line:37] - INFO : 等待 首页-退出登录按钮 元素 ('xpath', "//a[text()='注销']") 可见成功, 耗时: 0:00:00.022943
2021-08-04 13:08:37,573 - [basepage.py -->line:74] - INFO : 查找 首页-退出登录按钮 元素 ('xpath', "//a[text()='注销']") 成功！
2021-08-04 13:08:38,748 - [basepage.py -->line:109] - INFO : 点击 首页-退出登录按钮 元素 ('xpath', "//a[text()='注销']") 成功！
2021-08-04 13:08:41,100 - [basepage.py -->line:37] - INFO : 等待 登录页面_右上方登录按钮 元素 ('xpath', "//a[text()='登录']") 可见成功, 耗时: 0:00:00.071120
2021-08-04 13:08:41,132 - [basepage.py -->line:74] - INFO : 查找 登录页面_右上方登录按钮 元素 ('xpath', "//a[text()='登录']") 成功！
2021-08-04 13:08:42,432 - [basepage.py -->line:109] - INFO : 点击 登录页面_右上方登录按钮 元素 ('xpath', "//a[text()='登录']") 成功！
2021-08-04 13:08:42,499 - [basepage.py -->line:37] - INFO : 等待 登录页面_用户名密码输入框 元素 ('xpath', "//input[@id='loginName']") 可见成功, 耗时: 0:00:00.066817
2021-08-04 13:08:42,507 - [basepage.py -->line:74] - INFO : 查找 登录页面_用户名密码输入框 元素 ('xpath', "//input[@id='loginName']") 成功！
2021-08-04 13:08:43,677 - [basepage.py -->line:153] - INFO : 在 登录页面_用户名密码输入框 元素 ('xpath', "//input[@id='loginName']") 上输入文本值：admin 成功！
2021-08-04 13:08:43,754 - [basepage.py -->line:37] - INFO : 等待 登录页面_登录按钮 元素 ('xpath', "//input[@type='button']") 可见成功, 耗时: 0:00:00.076751
2021-08-04 13:08:43,786 - [basepage.py -->line:74] - INFO : 查找 登录页面_登录按钮 元素 ('xpath', "//input[@type='button']") 成功！
2021-08-04 13:08:44,935 - [basepage.py -->line:109] - INFO : 点击 登录页面_登录按钮 元素 ('xpath', "//input[@type='button']") 成功！
2021-08-04 13:08:45,952 - [basepage.py -->line:52] - INFO : 等待 登录页-密码错误提示信息 元素 ('xpath', "//span[text()='密码错误！']") 存在成功, 耗时: 0:00:00.010377
2021-08-04 13:08:45,960 - [basepage.py -->line:74] - INFO : 查找 登录页-密码错误提示信息 元素 ('xpath', "//span[text()='密码错误！']") 成功！
2021-08-04 13:08:47,014 - [basepage.py -->line:287] - INFO : 获取 登录页-密码错误提示信息 元素 ('xpath', "//span[text()='密码错误！']") 的文本值为:密码错误！
2021-08-04 13:08:47,079 - [basepage.py -->line:37] - INFO : 等待 登录页-提示信息关闭按钮 元素 ('xpath', "//img[@src='/ebuy/statics/images/close.gif']") 可见成功, 耗时: 0:00:00.065609
2021-08-04 13:08:47,106 - [basepage.py -->line:74] - INFO : 查找 登录页-提示信息关闭按钮 元素 ('xpath', "//img[@src='/ebuy/statics/images/close.gif']") 成功！
2021-08-04 13:08:48,241 - [basepage.py -->line:109] - INFO : 点击 登录页-提示信息关闭按钮 元素 ('xpath', "//img[@src='/ebuy/statics/images/close.gif']") 成功！
2021-08-04 13:08:49,321 - [basepage.py -->line:37] - INFO : 等待 登录页面_右上方登录按钮 元素 ('xpath', "//a[text()='登录']") 可见成功, 耗时: 0:00:00.059598
2021-08-04 13:08:49,347 - [basepage.py -->line:74] - INFO : 查找 登录页面_右上方登录按钮 元素 ('xpath', "//a[text()='登录']") 成功！
2021-08-04 13:08:50,537 - [basepage.py -->line:109] - INFO : 点击 登录页面_右上方登录按钮 元素 ('xpath', "//a[text()='登录']") 成功！
2021-08-04 13:08:50,557 - [basepage.py -->line:37] - INFO : 等待 登录页面_用户名密码输入框 元素 ('xpath', "//input[@id='loginName']") 可见成功, 耗时: 0:00:00.019964
2021-08-04 13:08:50,564 - [basepage.py -->line:74] - INFO : 查找 登录页面_用户名密码输入框 元素 ('xpath', "//input[@id='loginName']") 成功！
2021-08-04 13:08:51,760 - [basepage.py -->line:153] - INFO : 在 登录页面_用户名密码输入框 元素 ('xpath', "//input[@id='loginName']") 上输入文本值：admin100 成功！
2021-08-04 13:08:51,799 - [basepage.py -->line:37] - INFO : 等待 登录页面_登录按钮 元素 ('xpath', "//input[@type='button']") 可见成功, 耗时: 0:00:00.037888
2021-08-04 13:08:51,809 - [basepage.py -->line:74] - INFO : 查找 登录页面_登录按钮 元素 ('xpath', "//input[@type='button']") 成功！
2021-08-04 13:08:52,963 - [basepage.py -->line:109] - INFO : 点击 登录页面_登录按钮 元素 ('xpath', "//input[@type='button']") 成功！
2021-08-04 13:08:53,986 - [basepage.py -->line:52] - INFO : 等待 登录页-用户名不存在提示信息 元素 ('xpath', "//span[text()='用户不存在！']") 存在成功, 耗时: 0:00:00.012002
2021-08-04 13:08:53,992 - [basepage.py -->line:74] - INFO : 查找 登录页-用户名不存在提示信息 元素 ('xpath', "//span[text()='用户不存在！']") 成功！
2021-08-04 13:08:55,036 - [basepage.py -->line:287] - INFO : 获取 登录页-用户名不存在提示信息 元素 ('xpath', "//span[text()='用户不存在！']") 的文本值为:用户不存在！
2021-08-04 13:08:55,097 - [basepage.py -->line:37] - INFO : 等待 登录页-提示信息关闭按钮 元素 ('xpath', "//img[@src='/ebuy/statics/images/close.gif']") 可见成功, 耗时: 0:00:00.059839
2021-08-04 13:08:55,115 - [basepage.py -->line:74] - INFO : 查找 登录页-提示信息关闭按钮 元素 ('xpath', "//img[@src='/ebuy/statics/images/close.gif']") 成功！
2021-08-04 13:08:56,168 - [basepage.py -->line:109] - INFO : 点击 登录页-提示信息关闭按钮 元素 ('xpath', "//img[@src='/ebuy/statics/images/close.gif']") 成功！
2021-08-04 13:08:57,236 - [basepage.py -->line:37] - INFO : 等待 登录页面_右上方登录按钮 元素 ('xpath', "//a[text()='登录']") 可见成功, 耗时: 0:00:00.054476
2021-08-04 13:08:57,254 - [basepage.py -->line:74] - INFO : 查找 登录页面_右上方登录按钮 元素 ('xpath', "//a[text()='登录']") 成功！
2021-08-04 13:08:58,346 - [basepage.py -->line:109] - INFO : 点击 登录页面_右上方登录按钮 元素 ('xpath', "//a[text()='登录']") 成功！
2021-08-04 13:08:58,373 - [basepage.py -->line:37] - INFO : 等待 登录页面_用户名密码输入框 元素 ('xpath', "//input[@id='loginName']") 可见成功, 耗时: 0:00:00.026928
2021-08-04 13:08:58,401 - [basepage.py -->line:74] - INFO : 查找 登录页面_用户名密码输入框 元素 ('xpath', "//input[@id='loginName']") 成功！
2021-08-04 13:08:59,620 - [basepage.py -->line:153] - INFO : 在 登录页面_用户名密码输入框 元素 ('xpath', "//input[@id='loginName']") 上输入文本值：xyz123 成功！
2021-08-04 13:08:59,678 - [basepage.py -->line:37] - INFO : 等待 登录页面_登录按钮 元素 ('xpath', "//input[@type='button']") 可见成功, 耗时: 0:00:00.056900
2021-08-04 13:08:59,701 - [basepage.py -->line:74] - INFO : 查找 登录页面_登录按钮 元素 ('xpath', "//input[@type='button']") 成功！
2021-08-04 13:09:00,818 - [basepage.py -->line:109] - INFO : 点击 登录页面_登录按钮 元素 ('xpath', "//input[@type='button']") 成功！
2021-08-04 13:09:01,828 - [basepage.py -->line:52] - INFO : 等待 登录页-用户名不存在提示信息 元素 ('xpath', "//span[text()='用户不存在！']") 存在成功, 耗时: 0:00:00.006929
2021-08-04 13:09:01,835 - [basepage.py -->line:74] - INFO : 查找 登录页-用户名不存在提示信息 元素 ('xpath', "//span[text()='用户不存在！']") 成功！
2021-08-04 13:09:02,858 - [basepage.py -->line:287] - INFO : 获取 登录页-用户名不存在提示信息 元素 ('xpath', "//span[text()='用户不存在！']") 的文本值为:用户不存在！
2021-08-04 13:09:02,899 - [basepage.py -->line:37] - INFO : 等待 登录页-提示信息关闭按钮 元素 ('xpath', "//img[@src='/ebuy/statics/images/close.gif']") 可见成功, 耗时: 0:00:00.038850
2021-08-04 13:09:02,915 - [basepage.py -->line:74] - INFO : 查找 登录页-提示信息关闭按钮 元素 ('xpath', "//img[@src='/ebuy/statics/images/close.gif']") 成功！
2021-08-04 13:09:04,017 - [basepage.py -->line:109] - INFO : 点击 登录页-提示信息关闭按钮 元素 ('xpath', "//img[@src='/ebuy/statics/images/close.gif']") 成功！
2021-08-04 13:09:05,094 - [basepage.py -->line:37] - INFO : 等待 登录页面_右上方登录按钮 元素 ('xpath', "//a[text()='登录']") 可见成功, 耗时: 0:00:00.056850
2021-08-04 13:09:05,114 - [basepage.py -->line:74] - INFO : 查找 登录页面_右上方登录按钮 元素 ('xpath', "//a[text()='登录']") 成功！
2021-08-04 13:09:06,365 - [basepage.py -->line:109] - INFO : 点击 登录页面_右上方登录按钮 元素 ('xpath', "//a[text()='登录']") 成功！
2021-08-04 13:09:06,447 - [basepage.py -->line:37] - INFO : 等待 登录页面_用户名密码输入框 元素 ('xpath', "//input[@id='loginName']") 可见成功, 耗时: 0:00:00.081447
2021-08-04 13:09:06,470 - [basepage.py -->line:74] - INFO : 查找 登录页面_用户名密码输入框 元素 ('xpath', "//input[@id='loginName']") 成功！
2021-08-04 13:09:07,603 - [basepage.py -->line:153] - INFO : 在 登录页面_用户名密码输入框 元素 ('xpath', "//input[@id='loginName']") 上输入文本值：admin 成功！
2021-08-04 13:09:07,638 - [basepage.py -->line:37] - INFO : 等待 登录页面_登录按钮 元素 ('xpath', "//input[@type='button']") 可见成功, 耗时: 0:00:00.034077
2021-08-04 13:09:07,656 - [basepage.py -->line:74] - INFO : 查找 登录页面_登录按钮 元素 ('xpath', "//input[@type='button']") 成功！
2021-08-04 13:09:08,761 - [basepage.py -->line:109] - INFO : 点击 登录页面_登录按钮 元素 ('xpath', "//input[@type='button']") 成功！
2021-08-04 13:09:09,790 - [basepage.py -->line:52] - INFO : 等待 登录页-密码错误提示信息 元素 ('xpath', "//span[text()='密码错误！']") 存在成功, 耗时: 0:00:00.014826
2021-08-04 13:09:09,796 - [basepage.py -->line:74] - INFO : 查找 登录页-密码错误提示信息 元素 ('xpath', "//span[text()='密码错误！']") 成功！
2021-08-04 13:09:10,833 - [basepage.py -->line:287] - INFO : 获取 登录页-密码错误提示信息 元素 ('xpath', "//span[text()='密码错误！']") 的文本值为:密码错误！
2021-08-04 13:09:10,888 - [basepage.py -->line:37] - INFO : 等待 登录页-提示信息关闭按钮 元素 ('xpath', "//img[@src='/ebuy/statics/images/close.gif']") 可见成功, 耗时: 0:00:00.054806
2021-08-04 13:09:10,905 - [basepage.py -->line:74] - INFO : 查找 登录页-提示信息关闭按钮 元素 ('xpath', "//img[@src='/ebuy/statics/images/close.gif']") 成功！
2021-08-04 13:09:11,994 - [basepage.py -->line:109] - INFO : 点击 登录页-提示信息关闭按钮 元素 ('xpath', "//img[@src='/ebuy/statics/images/close.gif']") 成功！
2021-08-04 13:09:13,077 - [basepage.py -->line:37] - INFO : 等待 登录页面_右上方登录按钮 元素 ('xpath', "//a[text()='登录']") 可见成功, 耗时: 0:00:00.074803
2021-08-04 13:09:13,103 - [basepage.py -->line:74] - INFO : 查找 登录页面_右上方登录按钮 元素 ('xpath', "//a[text()='登录']") 成功！
2021-08-04 13:09:14,418 - [basepage.py -->line:109] - INFO : 点击 登录页面_右上方登录按钮 元素 ('xpath', "//a[text()='登录']") 成功！
2021-08-04 13:09:14,484 - [basepage.py -->line:37] - INFO : 等待 登录页面_用户名密码输入框 元素 ('xpath', "//input[@id='loginName']") 可见成功, 耗时: 0:00:00.064867
2021-08-04 13:09:14,511 - [basepage.py -->line:74] - INFO : 查找 登录页面_用户名密码输入框 元素 ('xpath', "//input[@id='loginName']") 成功！
2021-08-04 13:09:15,617 - [basepage.py -->line:153] - INFO : 在 登录页面_用户名密码输入框 元素 ('xpath', "//input[@id='loginName']") 上输入文本值：cgn 成功！
2021-08-04 13:09:15,639 - [basepage.py -->line:37] - INFO : 等待 登录页面_登录按钮 元素 ('xpath', "//input[@type='button']") 可见成功, 耗时: 0:00:00.020944
2021-08-04 13:09:15,648 - [basepage.py -->line:74] - INFO : 查找 登录页面_登录按钮 元素 ('xpath', "//input[@type='button']") 成功！
2021-08-04 13:09:16,688 - [basepage.py -->line:109] - INFO : 点击 登录页面_登录按钮 元素 ('xpath', "//input[@type='button']") 成功！
2021-08-04 13:09:17,718 - [basepage.py -->line:52] - INFO : 等待 登录页-密码错误提示信息 元素 ('xpath', "//span[text()='密码错误！']") 存在成功, 耗时: 0:00:00.020671
2021-08-04 13:09:17,735 - [basepage.py -->line:74] - INFO : 查找 登录页-密码错误提示信息 元素 ('xpath', "//span[text()='密码错误！']") 成功！
2021-08-04 13:09:18,781 - [basepage.py -->line:287] - INFO : 获取 登录页-密码错误提示信息 元素 ('xpath', "//span[text()='密码错误！']") 的文本值为:密码错误！
2021-08-04 13:09:18,824 - [basepage.py -->line:37] - INFO : 等待 登录页-提示信息关闭按钮 元素 ('xpath', "//img[@src='/ebuy/statics/images/close.gif']") 可见成功, 耗时: 0:00:00.042477
2021-08-04 13:09:18,843 - [basepage.py -->line:74] - INFO : 查找 登录页-提示信息关闭按钮 元素 ('xpath', "//img[@src='/ebuy/statics/images/close.gif']") 成功！
2021-08-04 13:09:19,938 - [basepage.py -->line:109] - INFO : 点击 登录页-提示信息关闭按钮 元素 ('xpath', "//img[@src='/ebuy/statics/images/close.gif']") 成功！
